This is pdfTeX, Version 3.141592653-2.6-1.40.22 (TeX Live 2022/dev/Debian) (preloaded format=pdflatex 2026.4.2)  2 APR 2026 16:58
entering extended mode
 restricted \write18 enabled.
 %&-line parsing enabled.
**/tmp/ch2_check.tex
(/tmp/ch2_check.tex
LaTeX2e <2021-11-15> patch level 1
L3 programming layer <2022-01-21>
(/usr/share/texlive/texmf-dist/tex/latex/base/article.cls
Document Class: article 2021/10/04 v1.4n Standard LaTeX document class
(/usr/share/texlive/texmf-dist/tex/latex/base/size10.clo
File: size10.clo 2021/10/04 v1.4n Standard LaTeX file (size option)
)
\c@part=\count185
\c@section=\count186
\c@subsection=\count187
\c@subsubsection=\count188
\c@paragraph=\count189
\c@subparagraph=\count190
\c@figure=\count191
\c@table=\count192
\abovecaptionskip=\skip47
\belowcaptionskip=\skip48
\bibindent=\dimen138
)
(/usr/share/texlive/texmf-dist/tex/latex/base/fontenc.sty
Package: fontenc 2021/04/29 v2.0v Standard LaTeX package
)
(/usr/share/texlive/texmf-dist/tex/latex/base/inputenc.sty
Package: inputenc 2021/02/14 v1.3d Input encoding file
\inpenc@prehook=\toks16
\inpenc@posthook=\toks17
)
(/usr/share/texlive/texmf-dist/tex/latex/graphics/graphicx.sty
Package: graphicx 2021/09/16 v1.2d Enhanced LaTeX Graphics (DPC,SPQR)

(/usr/share/texlive/texmf-dist/tex/latex/graphics/keyval.sty
Package: keyval 2014/10/28 v1.15 key=value parser (DPC)
\KV@toks@=\toks18
)
(/usr/share/texlive/texmf-dist/tex/latex/graphics/graphics.sty
Package: graphics 2021/03/04 v1.4d Standard LaTeX Graphics (DPC,SPQR)

(/usr/share/texlive/texmf-dist/tex/latex/graphics/trig.sty
Package: trig 2021/08/11 v1.11 sin cos tan (DPC)
)
(/usr/share/texlive/texmf-dist/tex/latex/graphics-cfg/graphics.cfg
File: graphics.cfg 2016/06/04 v1.11 sample graphics configuration
)
Package graphics Info: Driver file: pdftex.def on input line 107.

(/usr/share/texlive/texmf-dist/tex/latex/graphics-def/pdftex.def
File: pdftex.def 2020/10/05 v1.2a Graphics/color driver for pdftex
))
\Gin@req@height=\dimen139
\Gin@req@width=\dimen140
)
(/usr/share/texlive/texmf-dist/tex/latex/l3backend/l3backend-pdftex.def
File: l3backend-pdftex.def 2022-01-12 L3 backend support: PDF output (pdfTeX)
\l__color_backend_stack_int=\count193
\l__pdf_internal_box=\box50
)
(./ch2_check.aux)
\openout1 = `ch2_check.aux'.

LaTeX Font Info:    Checking defaults for OML/cmm/m/it on input line 7.
LaTeX Font Info:    ... okay on input line 7.
LaTeX Font Info:    Checking defaults for OMS/cmsy/m/n on input line 7.
LaTeX Font Info:    ... okay on input line 7.
LaTeX Font Info:    Checking defaults for OT1/cmr/m/n on input line 7.
LaTeX Font Info:    ... okay on input line 7.
LaTeX Font Info:    Checking defaults for T1/cmr/m/n on input line 7.
LaTeX Font Info:    ... okay on input line 7.
LaTeX Font Info:    Checking defaults for TS1/cmr/m/n on input line 7.
LaTeX Font Info:    ... okay on input line 7.
LaTeX Font Info:    Checking defaults for OMX/cmex/m/n on input line 7.
LaTeX Font Info:    ... okay on input line 7.
LaTeX Font Info:    Checking defaults for U/cmr/m/n on input line 7.
LaTeX Font Info:    ... okay on input line 7.

(/usr/share/texlive/texmf-dist/tex/context/base/mkii/supp-pdf.mkii
[Loading MPS to PDF converter (version 2006.09.02).]
\scratchcounter=\count194
\scratchdimen=\dimen141
\scratchbox=\box51
\nofMPsegments=\count195
\nofMParguments=\count196
\everyMPshowfont=\toks19
\MPscratchCnt=\count197
\MPscratchDim=\dimen142
\MPnumerator=\count198
\makeMPintoPDFobject=\count199
\everyMPtoPDFconversion=\toks20
) (/usr/share/texlive/texmf-dist/tex/latex/epstopdf-pkg/epstopdf-base.sty
Package: epstopdf-base 2020-01-24 v2.11 Base part for package epstopdf
Package epstopdf-base Info: Redefining graphics rule for `.eps' on input line 4
85.

(/usr/share/texlive/texmf-dist/tex/latex/latexconfig/epstopdf-sys.cfg
File: epstopdf-sys.cfg 2010/07/13 v1.3 Configuration of (r)epstopdf for TeX Liv
e
))
(/home/giuseppe/Desktop/Thesis-2026/Chapters/Chapter_2/2_Neural_Networks.tex

LaTeX Warning: Citation `goodfellow_deep_2016' on page 1 undefined on input lin
e 3.


LaTeX Warning: Citation `goodfellow_deep_2016' on page 1 undefined on input lin
e 3.

<images/NN.png, id=1, 853.1875pt x 499.8675pt>
File: images/NN.png Graphic file (type png)
<use images/NN.png>
Package pdftex.def Info: images/NN.png  used on input line 7.
(pdftex.def)             Requested size: 172.5pt x 101.06244pt.

LaTeX Warning: Citation `rumelhart_learning_1986' on page 1 undefined on input 
line 11.


LaTeX Warning: Citation `goodfellow_deep_2016' on page 1 undefined on input lin
e 11.

<images/Gradient_descent.png, id=2, 705.63625pt x 367.3725pt>
File: images/Gradient_descent.png Graphic file (type png)
<use images/Gradient_descent.png>
Package pdftex.def Info: images/Gradient_descent.png  used on input line 15.
(pdftex.def)             Requested size: 172.5pt x 89.80804pt.

LaTeX Warning: `h' float specifier changed to `ht'.


LaTeX Warning: Citation `goodfellow_deep_2016' on page 1 undefined on input lin
e 20.


LaTeX Warning: Citation `lecun_deep_2015' on page 1 undefined on input line 20.



LaTeX Warning: Citation `goodfellow_deep_2016' on page 1 undefined on input lin
e 20.


LaTeX Warning: Citation `goodfellow_deep_2016' on page 1 undefined on input lin
e 22.


LaTeX Warning: Citation `lecun_deep_2015' on page 1 undefined on input line 22.



LaTeX Warning: Citation `krizhevsky_imagenet_2012' on page 1 undefined on input
 line 22.

<images/DL.png, id=3, 510.90875pt x 249.93375pt>
File: images/DL.png Graphic file (type png)
<use images/DL.png>
Package pdftex.def Info: images/DL.png  used on input line 25.
(pdftex.def)             Requested size: 172.5pt x 84.38522pt.
[1

{/var/lib/texmf/fonts/map/pdftex/updmap/pdftex.map} <./images/NN.png>]

LaTeX Warning: Citation `lecun_gradient-based_1998' on page 2 undefined on inpu
t line 30.


LaTeX Warning: Citation `goodfellow_deep_2016' on page 2 undefined on input lin
e 30.


LaTeX Warning: Citation `goodfellow_deep_2016' on page 2 undefined on input lin
e 30.


LaTeX Warning: Citation `lecun_gradient-based_1998' on page 2 undefined on inpu
t line 30.

[2 <./images/Gradient_descent.png (PNG copy)> <./images/DL.png>]

LaTeX Warning: Citation `goodfellow_deep_2016' on page 3 undefined on input lin
e 32.


LaTeX Warning: Citation `lecun_gradient-based_1998' on page 3 undefined on inpu
t line 32.


LaTeX Warning: Citation `lecun_gradient-based_1998' on page 3 undefined on inpu
t line 32.

<images/CNN.png, id=18, 1535.7375pt x 717.68124pt>
File: images/CNN.png Graphic file (type png)
<use images/CNN.png>
Package pdftex.def Info: images/CNN.png  used on input line 36.
(pdftex.def)             Requested size: 172.5pt x 80.60971pt.

LaTeX Warning: Citation `dosovitskiy_image_2021' on page 3 undefined on input l
ine 40.


LaTeX Warning: Citation `zhao_detrs_2024' on page 3 undefined on input line 40.


) [3 <./images/CNN.png>] (./ch2_check.aux)

LaTeX Warning: There were undefined references.

 ) 
Here is how much of TeX's memory you used:
 1545 strings out of 480247
 24162 string characters out of 5896152
 313248 words of memory out of 5000000
 19516 multiletter control sequences out of 15000+600000
 472338 words of font info for 32 fonts, out of 8000000 for 9000
 14 hyphenation exceptions out of 8191
 55i,7n,62p,1222b,229s stack positions out of 5000i,500n,10000p,200000b,80000s
{/usr/share/texmf/fonts/enc/dvips/cm-super/cm-super-t1.enc}</usr/share/texmf/
fonts/type1/public/cm-super/sfbx1000.pfb></usr/share/texmf/fonts/type1/public/c
m-super/sfbx1200.pfb></usr/share/texmf/fonts/type1/public/cm-super/sfrm1000.pfb
>
Output written on ch2_check.pdf (3 pages, 688940 bytes).
PDF statistics:
 38 PDF objects out of 1000 (max. 8388607)
 19 compressed objects within 1 object stream
 0 named destinations out of 1000 (max. 500000)
 21 words of extra memory for PDF output out of 10000 (max. 10000000)

