This is pdfTeX, Version 3.141592653-2.6-1.40.22 (TeX Live 2022/dev/Debian) (preloaded format=pdflatex 2026.4.2)  2 APR 2026 19:51
entering extended mode
 restricted \write18 enabled.
 %&-line parsing enabled.
**/tmp/rtdetr_check.tex
(/tmp/rtdetr_check.tex
LaTeX2e <2021-11-15> patch level 1
L3 programming layer <2022-01-21>
(/usr/share/texlive/texmf-dist/tex/latex/base/article.cls
Document Class: article 2021/10/04 v1.4n Standard LaTeX document class
(/usr/share/texlive/texmf-dist/tex/latex/base/size10.clo
File: size10.clo 2021/10/04 v1.4n Standard LaTeX file (size option)
)
\c@part=\count185
\c@section=\count186
\c@subsection=\count187
\c@subsubsection=\count188
\c@paragraph=\count189
\c@subparagraph=\count190
\c@figure=\count191
\c@table=\count192
\abovecaptionskip=\skip47
\belowcaptionskip=\skip48
\bibindent=\dimen138
)
(/usr/share/texlive/texmf-dist/tex/latex/base/fontenc.sty
Package: fontenc 2021/04/29 v2.0v Standard LaTeX package
)
(/usr/share/texlive/texmf-dist/tex/latex/base/inputenc.sty
Package: inputenc 2021/02/14 v1.3d Input encoding file
\inpenc@prehook=\toks16
\inpenc@posthook=\toks17
)
(/usr/share/texlive/texmf-dist/tex/latex/graphics/graphicx.sty
Package: graphicx 2021/09/16 v1.2d Enhanced LaTeX Graphics (DPC,SPQR)

(/usr/share/texlive/texmf-dist/tex/latex/graphics/keyval.sty
Package: keyval 2014/10/28 v1.15 key=value parser (DPC)
\KV@toks@=\toks18
)
(/usr/share/texlive/texmf-dist/tex/latex/graphics/graphics.sty
Package: graphics 2021/03/04 v1.4d Standard LaTeX Graphics (DPC,SPQR)

(/usr/share/texlive/texmf-dist/tex/latex/graphics/trig.sty
Package: trig 2021/08/11 v1.11 sin cos tan (DPC)
)
(/usr/share/texlive/texmf-dist/tex/latex/graphics-cfg/graphics.cfg
File: graphics.cfg 2016/06/04 v1.11 sample graphics configuration
)
Package graphics Info: Driver file: pdftex.def on input line 107.

(/usr/share/texlive/texmf-dist/tex/latex/graphics-def/pdftex.def
File: pdftex.def 2020/10/05 v1.2a Graphics/color driver for pdftex
))
\Gin@req@height=\dimen139
\Gin@req@width=\dimen140
)
(/usr/share/texlive/texmf-dist/tex/latex/l3backend/l3backend-pdftex.def
File: l3backend-pdftex.def 2022-01-12 L3 backend support: PDF output (pdfTeX)
\l__color_backend_stack_int=\count193
\l__pdf_internal_box=\box50
)
(./rtdetr_check.aux)
\openout1 = `rtdetr_check.aux'.

LaTeX Font Info:    Checking defaults for OML/cmm/m/it on input line 7.
LaTeX Font Info:    ... okay on input line 7.
LaTeX Font Info:    Checking defaults for OMS/cmsy/m/n on input line 7.
LaTeX Font Info:    ... okay on input line 7.
LaTeX Font Info:    Checking defaults for OT1/cmr/m/n on input line 7.
LaTeX Font Info:    ... okay on input line 7.
LaTeX Font Info:    Checking defaults for T1/cmr/m/n on input line 7.
LaTeX Font Info:    ... okay on input line 7.
LaTeX Font Info:    Checking defaults for TS1/cmr/m/n on input line 7.
LaTeX Font Info:    ... okay on input line 7.
LaTeX Font Info:    Checking defaults for OMX/cmex/m/n on input line 7.
LaTeX Font Info:    ... okay on input line 7.
LaTeX Font Info:    Checking defaults for U/cmr/m/n on input line 7.
LaTeX Font Info:    ... okay on input line 7.

(/usr/share/texlive/texmf-dist/tex/context/base/mkii/supp-pdf.mkii
[Loading MPS to PDF converter (version 2006.09.02).]
\scratchcounter=\count194
\scratchdimen=\dimen141
\scratchbox=\box51
\nofMPsegments=\count195
\nofMParguments=\count196
\everyMPshowfont=\toks19
\MPscratchCnt=\count197
\MPscratchDim=\dimen142
\MPnumerator=\count198
\makeMPintoPDFobject=\count199
\everyMPtoPDFconversion=\toks20
) (/usr/share/texlive/texmf-dist/tex/latex/epstopdf-pkg/epstopdf-base.sty
Package: epstopdf-base 2020-01-24 v2.11 Base part for package epstopdf
Package epstopdf-base Info: Redefining graphics rule for `.eps' on input line 4
85.

(/usr/share/texlive/texmf-dist/tex/latex/latexconfig/epstopdf-sys.cfg
File: epstopdf-sys.cfg 2010/07/13 v1.3 Configuration of (r)epstopdf for TeX Liv
e
))
(/home/giuseppe/Desktop/Thesis-2026/Chapters/Chapter_2/4_RT-DETR.tex

LaTeX Warning: Citation `zhao_detrs_2024' on page 1 undefined on input line 3.

<images/DETR.png, id=1, 483.7272pt x 162.8484pt>
File: images/DETR.png Graphic file (type png)
<use images/DETR.png>
Package pdftex.def Info: images/DETR.png  used on input line 6.
(pdftex.def)             Requested size: 338.60672pt x 113.9931pt.

LaTeX Warning: Citation `zhao_detrs_2024' on page 1 undefined on input line 11.



Overfull \hbox (2.27887pt too wide) in paragraph at lines 11--12
[]\T1/cmr/m/n/10 From an ar-chi-tec-tural per-spec-tive, RT-DETR re-tains the s
tan-dard backbone--
 []

<images/RT-DETR.png, id=3, 2830.575pt x 933.4875pt>
File: images/RT-DETR.png Graphic file (type png)
<use images/RT-DETR.png>
Package pdftex.def Info: images/RT-DETR.png  used on input line 15.
(pdftex.def)             Requested size: 424.56793pt x 140.01707pt.

Overfull \hbox (79.56793pt too wide) in paragraph at lines 15--16
 [][] 
 []


LaTeX Warning: `h' float specifier changed to `ht'.


LaTeX Warning: Citation `zhao_detrs_2024' on page 1 undefined on input line 20.


[1

{/var/lib/texmf/fonts/map/pdftex/updmap/pdftex.map} <./images/DETR.png>]

LaTeX Warning: Citation `zhao_detrs_2024' on page 2 undefined on input line 24.


<images/Hungarian_match.png, id=12, 1372.37718pt x 588.69937pt>
File: images/Hungarian_match.png Graphic file (type png)
<use images/Hungarian_match.png>
Package pdftex.def Info: images/Hungarian_match.png  used on input line 27.
(pdftex.def)             Requested size: 274.47057pt x 117.73778pt.

LaTeX Warning: Citation `zhao_detrs_2024' on page 2 undefined on input line 32.


) [2 <./images/RT-DETR.png (PNG copy)> <./images/Hungarian_match.png>] [3]
(./rtdetr_check.aux)

LaTeX Warning: There were undefined references.


LaTeX Warning: Label(s) may have changed. Rerun to get cross-references right.

 ) 
Here is how much of TeX's memory you used:
 1537 strings out of 480247
 24102 string characters out of 5896152
 311270 words of memory out of 5000000
 19511 multiletter control sequences out of 15000+600000
 470798 words of font info for 30 fonts, out of 8000000 for 9000
 14 hyphenation exceptions out of 8191
 55i,8n,62p,1210b,226s stack positions out of 5000i,500n,10000p,200000b,80000s
{/usr/share/texmf/fonts/enc/dvips/cm-super/cm-super-t1.enc}</usr/share/texmf/
fonts/type1/public/cm-super/sfbx1000.pfb></usr/share/texmf/fonts/type1/public/c
m-super/sfrm1000.pfb>
Output written on rtdetr_check.pdf (3 pages, 1374240 bytes).
PDF statistics:
 31 PDF objects out of 1000 (max. 8388607)
 16 compressed objects within 1 object stream
 0 named destinations out of 1000 (max. 500000)
 16 words of extra memory for PDF output out of 10000 (max. 10000000)

