\BOOKMARK [0][-]{chapter*.2}{\376\377\000L\000i\000s\000t\000\040\000o\000f\000\040\000F\000i\000g\000u\000r\000e\000s}{}% 1
\BOOKMARK [0][-]{chapter*.3}{\376\377\000L\000i\000s\000t\000\040\000o\000f\000\040\000T\000a\000b\000l\000e\000s}{}% 2
\BOOKMARK [0][-]{chapter.1}{\376\377\000I\000n\000t\000r\000o\000d\000u\000c\000t\000i\000o\000n}{}% 3
\BOOKMARK [1][-]{section.1.1}{\376\377\000T\000h\000e\000s\000i\000s\000\040\000g\000o\000a\000l}{chapter.1}% 4
\BOOKMARK [1][-]{section.1.2}{\376\377\000I\000n\000t\000e\000r\000n\000s\000h\000i\000p}{chapter.1}% 5
\BOOKMARK [2][-]{subsection.1.2.1}{\376\377\000P\000i\000p\000e\000l\000i\000n\000e\000\040\000s\000u\000m\000m\000a\000r\000y}{section.1.2}% 6
\BOOKMARK [2][-]{subsection.1.2.2}{\376\377\000P\000r\000a\000c\000t\000i\000c\000a\000l\000\040\000c\000h\000a\000l\000l\000e\000n\000g\000e\000s\000\040\000a\000n\000d\000\040\000s\000y\000s\000t\000e\000m\000\040\000r\000o\000b\000u\000s\000t\000n\000e\000s\000s}{section.1.2}% 7
\BOOKMARK [2][-]{subsection.1.2.3}{\376\377\000C\000o\000m\000p\000a\000n\000i\000e\000s}{section.1.2}% 8
\BOOKMARK [0][-]{chapter.2}{\376\377\000B\000a\000c\000k\000g\000r\000o\000u\000n\000d\000\040\000M\000a\000t\000e\000r\000i\000a\000l}{}% 9
\BOOKMARK [1][-]{section.2.1}{\376\377\000C\000o\000m\000p\000u\000t\000e\000r\000\040\000V\000i\000s\000i\000o\000n}{chapter.2}% 10
\BOOKMARK [2][-]{subsection.2.1.1}{\376\377\000O\000b\000j\000e\000c\000t\000\040\000d\000e\000t\000e\000c\000t\000i\000o\000n}{section.2.1}% 11
\BOOKMARK [2][-]{subsection.2.1.2}{\376\377\000I\000m\000a\000g\000e\000\040\000s\000e\000g\000m\000e\000n\000t\000a\000t\000i\000o\000n}{section.2.1}% 12
\BOOKMARK [2][-]{subsection.2.1.3}{\376\377\000C\000l\000a\000s\000s\000i\000c\000a\000l\000\040\000s\000e\000g\000m\000e\000n\000t\000a\000t\000i\000o\000n\000\040\000m\000e\000t\000h\000o\000d\000s}{section.2.1}% 13
\BOOKMARK [2][-]{subsection.2.1.4}{\376\377\000E\000v\000a\000l\000u\000a\000t\000i\000o\000n\000\040\000m\000e\000t\000r\000i\000c\000s}{section.2.1}% 14
\BOOKMARK [1][-]{section.2.2}{\376\377\000N\000e\000u\000r\000a\000l\000\040\000n\000e\000t\000w\000o\000r\000k\000s}{chapter.2}% 15
\BOOKMARK [2][-]{subsection.2.2.1}{\376\377\000D\000e\000e\000p\000\040\000L\000e\000a\000r\000n\000i\000n\000g}{section.2.2}% 16
\BOOKMARK [2][-]{subsection.2.2.2}{\376\377\000C\000o\000n\000v\000o\000l\000u\000t\000i\000o\000n\000a\000l\000\040\000N\000e\000u\000r\000a\000l\000\040\000N\000e\000t\000w\000o\000r\000k\000s}{section.2.2}% 17
\BOOKMARK [1][-]{section.2.3}{\376\377\000V\000i\000s\000i\000o\000n\000\040\000T\000r\000a\000n\000s\000f\000o\000r\000m\000e\000r\000s\000\040\000\050\000V\000i\000T\000\051}{chapter.2}% 18
\BOOKMARK [1][-]{section.2.4}{\376\377\000R\000T\000-\000D\000E\000T\000R}{chapter.2}% 19
\BOOKMARK [1][-]{section.2.5}{\376\377\000R\000e\000l\000a\000t\000e\000d\000\040\000w\000o\000r\000k}{chapter.2}% 20
\BOOKMARK [2][-]{subsection.2.5.1}{\376\377\000D\000E\000I\000M\000v\0002}{section.2.5}% 21
\BOOKMARK [2][-]{subsection.2.5.2}{\376\377\000Y\000O\000L\000O\000v\0001\0002}{section.2.5}% 22
\BOOKMARK [2][-]{subsection.2.5.3}{\376\377\000E\000o\000M\000T}{section.2.5}% 23
\BOOKMARK [2][-]{subsection.2.5.4}{\376\377\000F\000i\000n\000a\000l\000\040\000c\000o\000n\000s\000i\000d\000e\000r\000a\000t\000i\000o\000n\000s}{section.2.5}% 24
\BOOKMARK [1][-]{section.2.6}{\376\377\000A\000n\000o\000m\000a\000l\000y\000\040\000D\000e\000t\000e\000c\000t\000i\000o\000n}{chapter.2}% 25
\BOOKMARK [2][-]{subsection.2.6.1}{\376\377\000E\000f\000f\000i\000c\000i\000e\000n\000t\000A\000D}{section.2.6}% 26
\BOOKMARK [1][-]{section.2.7}{\376\377\000T\000r\000a\000i\000n\000i\000n\000g\000\040\000a\000n\000\040\000A\000I}{chapter.2}% 27
\BOOKMARK [2][-]{subsection.2.7.1}{\376\377\000D\000a\000t\000a\000s\000e\000t\000-\000s\000p\000l\000i\000t}{section.2.7}% 28
\BOOKMARK [2][-]{subsection.2.7.2}{\376\377\000O\000v\000e\000r\000f\000i\000t\000t\000i\000n\000g\000-\000U\000n\000d\000e\000r\000f\000i\000t\000t\000i\000n\000g}{section.2.7}% 29
\BOOKMARK [0][-]{chapter.3}{\376\377\000D\000a\000t\000a\000\040\000a\000c\000q\000u\000i\000s\000i\000t\000i\000o\000n\000\040\000s\000y\000s\000t\000e\000m}{}% 30
\BOOKMARK [1][-]{section.3.1}{\376\377\000S\000i\000t\000e\000\040\0001\000:\000\040\000d\000o\000u\000g\000h\000\040\000b\000a\000l\000l\000\040\000p\000r\000o\000d\000u\000c\000t\000i\000o\000n\000\040\000a\000n\000d\000\040\000d\000a\000t\000a\000\040\000a\000c\000q\000u\000i\000s\000i\000t\000i\000o\000n\000\040\000s\000e\000t\000u\000p}{chapter.3}% 31
\BOOKMARK [2][-]{subsection.3.1.1}{\376\377\000N\000v\000i\000d\000i\000a\000\040\000J\000e\000t\000s\000o\000n\000\040\000N\000a\000n\000o\000\040\000D\000K}{section.3.1}% 32
\BOOKMARK [2][-]{subsection.3.1.2}{\376\377\000A\000z\000u\000r\000e\000\040\000M\000i\000c\000r\000o\000s\000o\000f\000t\000\040\000K\000i\000n\000e\000c\000t\000\040\000D\000K}{section.3.1}% 33
\BOOKMARK [1][-]{section.3.2}{\376\377\000S\000i\000t\000e\000\040\0002\000:\000\040\000B\000a\000k\000e\000d\000\040\000B\000r\000e\000a\000d\000\040\000D\000a\000t\000a\000s\000e\000t\000\040\000A\000c\000q\000u\000i\000s\000i\000t\000i\000o\000n\000\040\000a\000n\000d\000\040\000C\000o\000l\000o\000r\000\040\000A\000n\000a\000l\000y\000s\000i\000s}{chapter.3}% 34
\BOOKMARK [2][-]{subsection.3.2.1}{\376\377\000I\000n\000d\000u\000s\000t\000r\000i\000a\000l\000\040\000C\000o\000n\000t\000e\000x\000t\000\040\000a\000n\000d\000\040\000M\000o\000n\000i\000t\000o\000r\000i\000n\000g\000\040\000O\000b\000j\000e\000c\000t\000i\000v\000e\000s}{section.3.2}% 35
\BOOKMARK [2][-]{subsection.3.2.2}{\376\377\000H\000a\000r\000d\000w\000a\000r\000e\000\040\000C\000o\000n\000f\000i\000g\000u\000r\000a\000t\000i\000o\000n}{section.3.2}% 36
\BOOKMARK [2][-]{subsection.3.2.3}{\376\377\000D\000a\000t\000a\000s\000e\000t\000\040\000C\000r\000e\000a\000t\000i\000o\000n\000\040\000a\000n\000d\000\040\000O\000f\000f\000l\000i\000n\000e\000\040\000T\000r\000a\000i\000n\000i\000n\000g}{section.3.2}% 37
\BOOKMARK [2][-]{subsection.3.2.4}{\376\377\000O\000n\000l\000i\000n\000e\000\040\000D\000e\000t\000e\000c\000t\000i\000o\000n\000\040\000a\000n\000d\000\040\000C\000o\000l\000o\000r\000\040\000E\000s\000t\000i\000m\000a\000t\000i\000o\000n}{section.3.2}% 38
\BOOKMARK [2][-]{subsection.3.2.5}{\376\377\000R\000o\000l\000e\000\040\000o\000f\000\040\000S\000i\000t\000e\000\040\0002\000\040\000i\000n\000\040\000t\000h\000e\000\040\000O\000v\000e\000r\000a\000l\000l\000\040\000A\000r\000c\000h\000i\000t\000e\000c\000t\000u\000r\000e}{section.3.2}% 39
\BOOKMARK [2][-]{subsection.3.2.6}{\376\377\000R\000a\000s\000p\000b\000e\000r\000r\000y\000\040\000P\000i\000\040\0005}{section.3.2}% 40
\BOOKMARK [2][-]{subsection.3.2.7}{\376\377\000R\000a\000s\000p\000b\000e\000r\000r\000y\000\040\000P\000i\000\040\000C\000a\000m\000e\000r\000a\000\040\000M\000o\000d\000u\000l\000e\000\040\0003\000\040\000W\000i\000d\000e}{section.3.2}% 41
\BOOKMARK [0][-]{chapter.4}{\376\377\000M\000u\000l\000t\000i\000m\000o\000d\000a\000l\000\040\000q\000u\000a\000l\000i\000t\000y\000\040\000i\000n\000s\000p\000e\000c\000t\000i\000o\000n\000\040\000f\000r\000a\000m\000e\000w\000o\000r\000k}{}% 42
\BOOKMARK [1][-]{section.4.1}{\376\377\000P\000i\000p\000e\000l\000i\000n\000e}{chapter.4}% 43
\BOOKMARK [1][-]{section.4.2}{\376\377\000M\000o\000t\000i\000o\000n\000\040\000D\000e\000t\000e\000c\000t\000i\000o\000n}{chapter.4}% 44
\BOOKMARK [1][-]{section.4.3}{\376\377\000D\000E\000I\000M\000v\0002\000\040\000t\000r\000a\000i\000n\000i\000n\000g}{chapter.4}% 45
\BOOKMARK [2][-]{subsection.4.3.1}{\376\377\000S\000i\000t\000e\000\040\0001}{section.4.3}% 46
\BOOKMARK [2][-]{subsection.4.3.2}{\376\377\000S\000i\000t\000e\000\040\0002}{section.4.3}% 47
\BOOKMARK [1][-]{section.4.4}{\376\377\000F\000e\000a\000t\000u\000r\000e\000\040\000e\000x\000t\000r\000a\000c\000t\000i\000o\000n}{chapter.4}% 48
\BOOKMARK [1][-]{section.4.5}{\376\377\000I\000m\000p\000l\000e\000m\000e\000n\000t\000a\000t\000i\000o\000n}{chapter.4}% 49
\BOOKMARK [2][-]{subsection.4.5.1}{\376\377\000O\000p\000e\000n\000C\000V}{section.4.5}% 50
\BOOKMARK [2][-]{subsection.4.5.2}{\376\377\000O\000p\000e\000n\0003\000D}{section.4.5}% 51
\BOOKMARK [2][-]{subsection.4.5.3}{\376\377\000T\000o\000r\000c\000h}{section.4.5}% 52
\BOOKMARK [2][-]{subsection.4.5.4}{\376\377\000T\000e\000n\000s\000o\000r\000b\000o\000a\000r\000d}{section.4.5}% 53
\BOOKMARK [0][-]{chapter.5}{\376\377\000R\000e\000s\000u\000l\000t\000s}{}% 54
\BOOKMARK [1][-]{section.5.1}{\376\377\000S\000i\000t\000e\000\040\0001\000:\000\040\000d\000o\000u\000g\000h\000-\000b\000a\000l\000l\000\040\000v\000o\000l\000u\000m\000e\000\040\000e\000s\000t\000i\000m\000a\000t\000i\000o\000n}{chapter.5}% 55
\BOOKMARK [2][-]{subsection.5.1.1}{\376\377\000Q\000u\000a\000n\000t\000i\000t\000a\000t\000i\000v\000e\000\040\000r\000e\000s\000u\000l\000t\000s}{section.5.1}% 56
\BOOKMARK [2][-]{subsection.5.1.2}{\376\377\000Q\000u\000a\000l\000i\000t\000a\000t\000i\000v\000e\000\040\000r\000e\000s\000u\000l\000t\000s}{section.5.1}% 57
\BOOKMARK [1][-]{section.5.2}{\376\377\000S\000i\000t\000e\000\040\0002\000:\000\040\000b\000r\000e\000a\000d\000\040\000q\000u\000a\000l\000i\000t\000y\000\040\000a\000s\000s\000e\000s\000s\000m\000e\000n\000t}{chapter.5}% 58
\BOOKMARK [2][-]{subsection.5.2.1}{\376\377\000Q\000u\000a\000n\000t\000i\000t\000a\000t\000i\000v\000e\000\040\000r\000e\000s\000u\000l\000t\000s}{section.5.2}% 59
\BOOKMARK [2][-]{subsection.5.2.2}{\376\377\000A\000n\000o\000m\000a\000l\000y\000\040\000s\000c\000o\000r\000e\000\040\000h\000e\000a\000t\000m\000a\000p\000s}{section.5.2}% 60
\BOOKMARK [0][-]{chapter.6}{\376\377\000C\000o\000n\000c\000l\000u\000s\000i\000o\000n\000\040\000a\000n\000d\000\040\000f\000u\000t\000u\000r\000e\000\040\000w\000o\000r\000k\000s}{}% 61
\BOOKMARK [0][-]{chapter*.65}{\376\377\000R\000e\000f\000e\000r\000e\000n\000c\000e\000s}{}% 62
