This is pdfTeX, Version 3.141592653-2.6-1.40.29 (MiKTeX 26.2) (preloaded format=pdflatex 2026.3.26)  5 APR 2026 21:03
entering extended mode
 restricted \write18 enabled.
 file:line:error style messages enabled.
 %&-line parsing enabled.
**"c:/Users/giuse/OneDrive - Università degli Studi di Padova/Uni/Tirocinio_e_Tesi/TESI/Thesis-2026/tesi.tex"
(c:/Users/giuse/OneDrive - Università degli Studi di Padova/Uni/Tirocinio_e_Tesi/TESI/Thesis-2026/tesi.tex
LaTeX2e <2025-11-01>
L3 programming layer <2026-01-19>
(model/Modello_Tesi.tex (C:\Users\giuse\AppData\Local\Programs\MiKTeX\tex/latex/base\book.cls
Document Class: book 2025/01/22 v1.4n Standard LaTeX document class
(C:\Users\giuse\AppData\Local\Programs\MiKTeX\tex/latex/base\bk12.clo
File: bk12.clo 2025/01/22 v1.4n Standard LaTeX file (size option)
)
\c@part=\count275
\c@chapter=\count276
\c@section=\count277
\c@subsection=\count278
\c@subsubsection=\count279
\c@paragraph=\count280
\c@subparagraph=\count281
\c@figure=\count282
\c@table=\count283
\abovecaptionskip=\skip49
\belowcaptionskip=\skip50
\bibindent=\dimen148
) (model/packages.tex (C:\Users\giuse\AppData\Local\Programs\MiKTeX\tex/latex/base\inputenc.sty
Package: inputenc 2024/02/08 v1.3d Input encoding file
\inpenc@prehook=\toks17
\inpenc@posthook=\toks18
) (C:\Users\giuse\AppData\Local\Programs\MiKTeX\tex/generic/babel\babel.sty
Package: babel 2026/03/08 v26.4 The multilingual framework for LuaLaTeX, pdfLaTeX and XeLaTeX
\babel@savecnt=\count284
LaTeX Encoding Info:    Redeclaring text command \ij (encoding OT1) on input line 2078.
LaTeX Encoding Info:    Redeclaring text command \IJ (encoding OT1) on input line 2080.
LaTeX Encoding Info:    Redeclaring text command \ij (encoding T1) on input line 2082.
LaTeX Encoding Info:    Redeclaring text command \IJ (encoding T1) on input line 2083.
LaTeX Encoding Info:    Ignoring declaration for text command \ij (encoding ?) on input line 2084.
LaTeX Encoding Info:    Ignoring declaration for text command \IJ (encoding ?) on input line 2086.
LaTeX Encoding Info:    Ignoring declaration for text command \SS (encoding ?) on input line 2111.
\U@D=\dimen149
\l@unhyphenated=\language79
 (C:\Users\giuse\AppData\Local\Programs\MiKTeX\tex/generic/babel\txtbabel.def)
\bbl@readstream=\read2
\bbl@dirlevel=\count285
Package babel Info: Configuration files are deprecated, as
(babel)             they can break document portability.
(babel)             Reported on input line 4206.

*************************************
* Local config file bblopts.cfg used
*
(C:\Users\giuse\AppData\Local\Programs\MiKTeX\tex/latex/arabi\bblopts.cfg
File: bblopts.cfg 2005/09/08 v0.1 add Arabic and Farsi to "declared" options of babel
) (C:\Users\giuse\AppData\Local\Programs\MiKTeX\tex/generic/babel/locale/en\babel-english.tex)
Package babel Info: Importing font and identification data for english
(babel)             from babel-en.ini. Reported on input line 4330.
 (C:\Users\giuse\AppData\Local\Programs\MiKTeX\tex/latex/babel-english\english.ldf
Language: english 2017/06/06 v3.3r English support from the babel system
Package babel Info: Hyphen rules for 'canadian' set to \l@english
(babel)             (\language0). Reported on input line 102.
Package babel Info: Hyphen rules for 'australian' set to \l@ukenglish
(babel)             (\language73). Reported on input line 105.
Package babel Info: Hyphen rules for 'newzealand' set to \l@ukenglish
(babel)             (\language73). Reported on input line 108.
)) (C:\Users\giuse\AppData\Local\Programs\MiKTeX\tex/latex/fancyhdr\fancyhdr.sty
Package: fancyhdr 2025/02/07 v5.2 Extensive control of page headers and footers
\f@nch@headwidth=\skip51
\f@nch@offset@elh=\skip52
\f@nch@offset@erh=\skip53
\f@nch@offset@olh=\skip54
\f@nch@offset@orh=\skip55
\f@nch@offset@elf=\skip56
\f@nch@offset@erf=\skip57
\f@nch@offset@olf=\skip58
\f@nch@offset@orf=\skip59
\f@nch@height=\skip60
\f@nch@footalignment=\skip61
\f@nch@widthL=\skip62
\f@nch@widthC=\skip63
\f@nch@widthR=\skip64
\@temptokenb=\toks19
) (C:\Users\giuse\AppData\Local\Programs\MiKTeX\tex/latex/sectsty\sectsty.sty
Package: sectsty 2002/02/25 v2.0.2 Commands to change all sectional heading styles


LaTeX Warning: Command \underbar  has changed.
               Check if current package is valid.


LaTeX Warning: Command \underline  has changed.
               Check if current package is valid.

) (C:\Users\giuse\AppData\Local\Programs\MiKTeX\tex/latex/geometry\geometry.sty
Package: geometry 2026/03/07 v6.0 Page Geometry
 (C:\Users\giuse\AppData\Local\Programs\MiKTeX\tex/latex/graphics\keyval.sty
Package: keyval 2022/05/29 v1.15 key=value parser (DPC)
\KV@toks@=\toks20
) (C:\Users\giuse\AppData\Local\Programs\MiKTeX\tex/generic/iftex\ifvtex.sty
Package: ifvtex 2019/10/25 v1.7 ifvtex legacy package. Use iftex instead.
 (C:\Users\giuse\AppData\Local\Programs\MiKTeX\tex/generic/iftex\iftex.sty
Package: iftex 2024/12/12 v1.0g TeX engine tests
))
\Gm@cnth=\count286
\Gm@cntv=\count287
\c@Gm@tempcnt=\count288
\Gm@bindingoffset=\dimen150
\Gm@wd@mp=\dimen151
\Gm@odd@mp=\dimen152
\Gm@even@mp=\dimen153
\Gm@layoutwidth=\dimen154
\Gm@layoutheight=\dimen155
\Gm@layouthoffset=\dimen156
\Gm@layoutvoffset=\dimen157
\Gm@dimlist=\toks21
 (C:\Users\giuse\AppData\Local\Programs\MiKTeX\tex/latex/geometry\geometry.cfg)) (C:\Users\giuse\AppData\Local\Programs\MiKTeX\tex/latex/setspace\setspace.sty
Package: setspace 2022/12/04 v6.7b set line spacing
) (C:\Users\giuse\AppData\Local\Programs\MiKTeX\tex/latex/tools\verbatim.sty
Package: verbatim 2024-01-22 v1.5x LaTeX2e package for verbatim enhancements
\every@verbatim=\toks22
\verbatim@line=\toks23
\verbatim@in@stream=\read3
) (C:\Users\giuse\AppData\Local\Programs\MiKTeX\tex/latex/listings\listings.sty
\lst@mode=\count289
\lst@gtempboxa=\box53
\lst@token=\toks24
\lst@length=\count290
\lst@currlwidth=\dimen158
\lst@column=\count291
\lst@pos=\count292
\lst@lostspace=\dimen159
\lst@width=\dimen160
\lst@newlines=\count293
\lst@lineno=\count294
\lst@maxwidth=\dimen161
 (C:\Users\giuse\AppData\Local\Programs\MiKTeX\tex/latex/listings\lstpatch.sty
File: lstpatch.sty 2025/11/14 1.11b (Carsten Heinz)
) (C:\Users\giuse\AppData\Local\Programs\MiKTeX\tex/latex/listings\lstmisc.sty
File: lstmisc.sty 2025/11/14 1.11b (Carsten Heinz)
\c@lstnumber=\count295
\lst@skipnumbers=\count296
\lst@framebox=\box54
) (C:\Users\giuse\AppData\Local\Programs\MiKTeX\tex/latex/listings\listings.cfg
File: listings.cfg 2025/11/14 1.11b listings configuration
))
Package: listings 2025/11/14 1.11b (Carsten Heinz)

==> First Aid for listings.sty no longer applied!
    Expected:
        2024/09/23 1.10c (Carsten Heinz)
    but found:
        2025/11/14 1.11b (Carsten Heinz)
    so I'm assuming it got fixed.
(C:\Users\giuse\AppData\Local\Programs\MiKTeX\tex/latex/caption\caption.sty
Package: caption 2023/08/05 v3.6o Customizing captions (AR)
 (C:\Users\giuse\AppData\Local\Programs\MiKTeX\tex/latex/caption\caption3.sty
Package: caption3 2023/07/31 v2.4d caption3 kernel (AR)
\caption@tempdima=\dimen162
\captionmargin=\dimen163
\caption@leftmargin=\dimen164
\caption@rightmargin=\dimen165
\caption@width=\dimen166
\caption@indent=\dimen167
\caption@parindent=\dimen168
\caption@hangindent=\dimen169
Package caption Info: Standard document class detected.
)
\c@caption@flags=\count297
\c@continuedfloat=\count298
Package caption Info: listings package is loaded.
) (C:\Users\giuse\AppData\Local\Programs\MiKTeX\tex/latex/caption\subcaption.sty
Package: subcaption 2023/07/28 v1.6b Sub-captions (AR)
Package caption Info: New subtype `subfigure' on input line 238.
\c@subfigure=\count299
Package caption Info: New subtype `subtable' on input line 238.
\c@subtable=\count300
) (C:\Users\giuse\AppData\Local\Programs\MiKTeX\tex/latex/graphics\graphicx.sty
Package: graphicx 2024/12/31 v1.2e Enhanced LaTeX Graphics (DPC,SPQR)
 (C:\Users\giuse\AppData\Local\Programs\MiKTeX\tex/latex/graphics\graphics.sty
Package: graphics 2024/08/06 v1.4g Standard LaTeX Graphics (DPC,SPQR)
 (C:\Users\giuse\AppData\Local\Programs\MiKTeX\tex/latex/graphics\trig.sty
Package: trig 2023/12/02 v1.11 sin cos tan (DPC)
) (C:\Users\giuse\AppData\Local\Programs\MiKTeX\tex/latex/graphics-cfg\graphics.cfg
File: graphics.cfg 2016/06/04 v1.11 sample graphics configuration
)
Package graphics Info: Driver file: pdftex.def on input line 106.
 (C:\Users\giuse\AppData\Local\Programs\MiKTeX\tex/latex/graphics-def\pdftex.def
File: pdftex.def 2025/09/29 v1.2d Graphics/color driver for pdftex
))
\Gin@req@height=\dimen170
\Gin@req@width=\dimen171
) (C:\Users\giuse\AppData\Local\Programs\MiKTeX\tex/latex/footmisc\footmisc.sty
Package: footmisc 2025/05/09 v7.0b a miscellany of footnote facilities
\FN@temptoken=\toks25
\footnotemargin=\dimen172
Package footmisc Info: Declaring symbol style bringhurst on input line 549.
Package footmisc Info: Declaring symbol style chicago on input line 557.
Package footmisc Info: Declaring symbol style wiley on input line 566.
Package footmisc Info: Declaring symbol style lamport-robust on input line 577.
Package footmisc Info: Declaring symbol style lamport* on input line 597.
Package footmisc Info: Declaring symbol style lamport*-robust on input line 618.
) (C:\Users\giuse\AppData\Local\Programs\MiKTeX\tex/latex/tools\varioref.sty
Package: varioref 2025/01/14 v1.6g package for extended references (FMi)
\c@vrcnt=\count301
) (C:\Users\giuse\AppData\Local\Programs\MiKTeX\tex/latex/graphics\color.sty
Package: color 2025/01/14 v1.3e Standard LaTeX Color (DPC)
 (C:\Users\giuse\AppData\Local\Programs\MiKTeX\tex/latex/graphics-cfg\color.cfg
File: color.cfg 2016/01/02 v1.6 sample color configuration
)
Package color Info: Driver file: pdftex.def on input line 149.
 (C:\Users\giuse\AppData\Local\Programs\MiKTeX\tex/latex/graphics\mathcolor.ltx)) (C:\Users\giuse\AppData\Local\Programs\MiKTeX\tex/latex/xcolor\xcolor.sty
Package: xcolor 2024/09/29 v3.02 LaTeX color extensions (UK)
 (C:\Users\giuse\AppData\Local\Programs\MiKTeX\tex/latex/graphics-cfg\color.cfg
File: color.cfg 2016/01/02 v1.6 sample color configuration
)
Package xcolor Info: Driver file: pdftex.def on input line 274.
LaTeX Info: Redefining \color on input line 762.
 (C:\Users\giuse\AppData\Local\Programs\MiKTeX\tex/latex/graphics\mathcolor.ltx)
Package xcolor Info: Model `cmy' substituted by `cmy0' on input line 1349.
Package xcolor Info: Model `hsb' substituted by `rgb' on input line 1353.
Package xcolor Info: Model `RGB' extended on input line 1365.
Package xcolor Info: Model `HTML' substituted by `rgb' on input line 1367.
Package xcolor Info: Model `Hsb' substituted by `hsb' on input line 1368.
Package xcolor Info: Model `tHsb' substituted by `hsb' on input line 1369.
Package xcolor Info: Model `HSB' substituted by `hsb' on input line 1370.
Package xcolor Info: Model `Gray' substituted by `gray' on input line 1371.
Package xcolor Info: Model `wave' substituted by `hsb' on input line 1372.
) (C:\Users\giuse\AppData\Local\Programs\MiKTeX\tex/latex/colortbl\colortbl.sty
Package: colortbl 2024/10/29 v1.0k Color table columns (DPC)
 (C:\Users\giuse\AppData\Local\Programs\MiKTeX\tex/latex/tools\array.sty
Package: array 2025/09/25 v2.6n Tabular extension package (FMi)
\col@sep=\dimen173
\ar@mcellbox=\box55
\extrarowheight=\dimen174
\NC@list=\toks26
\extratabsurround=\skip65
\backup@length=\skip66
\ar@cellbox=\box56
)
\everycr=\toks27
\minrowclearance=\skip67
\rownum=\count302
) (C:\Users\giuse\AppData\Local\Programs\MiKTeX\tex/latex/hyperref\hyperref.sty
Package: hyperref 2026-01-29 v7.01p Hypertext links for LaTeX
 (C:\Users\giuse\AppData\Local\Programs\MiKTeX\tex/latex/kvsetkeys\kvsetkeys.sty
Package: kvsetkeys 2022-10-05 v1.19 Key value parser (HO)
) (C:\Users\giuse\AppData\Local\Programs\MiKTeX\tex/generic/kvdefinekeys\kvdefinekeys.sty
Package: kvdefinekeys 2019-12-19 v1.6 Define keys (HO)
) (C:\Users\giuse\AppData\Local\Programs\MiKTeX\tex/generic/pdfescape\pdfescape.sty
Package: pdfescape 2019/12/09 v1.15 Implements pdfTeX's escape features (HO)
 (C:\Users\giuse\AppData\Local\Programs\MiKTeX\tex/generic/ltxcmds\ltxcmds.sty
Package: ltxcmds 2023-12-04 v1.26 LaTeX kernel commands for general use (HO)
) (C:\Users\giuse\AppData\Local\Programs\MiKTeX\tex/generic/pdftexcmds\pdftexcmds.sty
Package: pdftexcmds 2020-06-27 v0.33 Utility functions of pdfTeX for LuaTeX (HO)
 (C:\Users\giuse\AppData\Local\Programs\MiKTeX\tex/generic/infwarerr\infwarerr.sty
Package: infwarerr 2019/12/03 v1.5 Providing info/warning/error messages (HO)
)
Package pdftexcmds Info: \pdf@primitive is available.
Package pdftexcmds Info: \pdf@ifprimitive is available.
Package pdftexcmds Info: \pdfdraftmode found.
)) (C:\Users\giuse\AppData\Local\Programs\MiKTeX\tex/latex/hycolor\hycolor.sty
Package: hycolor 2020-01-27 v1.10 Color options for hyperref/bookmark (HO)
) (C:\Users\giuse\AppData\Local\Programs\MiKTeX\tex/latex/hyperref\nameref.sty
Package: nameref 2026-01-29 v2.58 Cross-referencing by name of section
 (C:\Users\giuse\AppData\Local\Programs\MiKTeX\tex/latex/refcount\refcount.sty
Package: refcount 2019/12/15 v3.6 Data extraction from label references (HO)
) (C:\Users\giuse\AppData\Local\Programs\MiKTeX\tex/generic/gettitlestring\gettitlestring.sty
Package: gettitlestring 2019/12/15 v1.6 Cleanup title references (HO)
 (C:\Users\giuse\AppData\Local\Programs\MiKTeX\tex/latex/kvoptions\kvoptions.sty
Package: kvoptions 2022-06-15 v3.15 Key value format for package options (HO)
))
\c@section@level=\count303
) (C:\Users\giuse\AppData\Local\Programs\MiKTeX\tex/latex/etoolbox\etoolbox.sty
Package: etoolbox 2025/10/02 v2.5m e-TeX tools for LaTeX (JAW)
\etb@tempcnta=\count304
) (C:\Users\giuse\AppData\Local\Programs\MiKTeX\tex/generic/stringenc\stringenc.sty
Package: stringenc 2019/11/29 v1.12 Convert strings between diff. encodings (HO)
)
\@linkdim=\dimen175
\Hy@linkcounter=\count305
\Hy@pagecounter=\count306
 (C:\Users\giuse\AppData\Local\Programs\MiKTeX\tex/latex/hyperref\pd1enc.def
File: pd1enc.def 2026-01-29 v7.01p Hyperref: PDFDocEncoding definition (HO)
Now handling font encoding PD1 ...
... no UTF-8 mapping file for font encoding PD1
) (C:\Users\giuse\AppData\Local\Programs\MiKTeX\tex/generic/intcalc\intcalc.sty
Package: intcalc 2019/12/15 v1.3 Expandable calculations with integers (HO)
)
\Hy@SavedSpaceFactor=\count307
 (C:\Users\giuse\AppData\Local\Programs\MiKTeX\tex/latex/hyperref\puenc.def
File: puenc.def 2026-01-29 v7.01p Hyperref: PDF Unicode definition (HO)
Now handling font encoding PU ...
... no UTF-8 mapping file for font encoding PU
)
Package hyperref Info: Hyper figures OFF on input line 4201.
Package hyperref Info: Link nesting OFF on input line 4206.
Package hyperref Info: Hyper index ON on input line 4209.
Package hyperref Info: Plain pages OFF on input line 4216.
Package hyperref Info: Backreferencing OFF on input line 4221.
Package hyperref Info: Implicit mode ON; LaTeX internals redefined.
Package hyperref Info: Bookmarks ON on input line 4468.
\c@Hy@tempcnt=\count308
 (C:\Users\giuse\AppData\Local\Programs\MiKTeX\tex/latex/url\url.sty
\Urlmuskip=\muskip17
Package: url 2013/09/16  ver 3.4  Verb mode for urls, etc.
)
LaTeX Info: Redefining \url on input line 4807.
\XeTeXLinkMargin=\dimen176
 (C:\Users\giuse\AppData\Local\Programs\MiKTeX\tex/generic/bitset\bitset.sty
Package: bitset 2019/12/09 v1.3 Handle bit-vector datatype (HO)
 (C:\Users\giuse\AppData\Local\Programs\MiKTeX\tex/generic/bigintcalc\bigintcalc.sty
Package: bigintcalc 2019/12/15 v1.5 Expandable calculations on big integers (HO)
))
\Fld@menulength=\count309
\Field@Width=\dimen177
\Fld@charsize=\dimen178
Package hyperref Info: Hyper figures OFF on input line 6084.
Package hyperref Info: Link nesting OFF on input line 6089.
Package hyperref Info: Hyper index ON on input line 6092.
Package hyperref Info: backreferencing OFF on input line 6099.
Package hyperref Info: Link coloring OFF on input line 6104.
Package hyperref Info: Link coloring with OCG OFF on input line 6109.
Package hyperref Info: PDF/A mode OFF on input line 6114.
\Hy@abspage=\count310
\c@Item=\count311
\c@Hfootnote=\count312
)
Package hyperref Info: Driver (autodetected): hpdftex.
 (C:\Users\giuse\AppData\Local\Programs\MiKTeX\tex/latex/hyperref\hpdftex.def
File: hpdftex.def 2026-01-29 v7.01p Hyperref driver for pdfTeX
\Fld@listcount=\count313
\c@bookmark@seq@number=\count314
 (C:\Users\giuse\AppData\Local\Programs\MiKTeX\tex/latex/rerunfilecheck\rerunfilecheck.sty
Package: rerunfilecheck 2025-06-21 v1.11 Rerun checks for auxiliary files (HO)
 (C:\Users\giuse\AppData\Local\Programs\MiKTeX\tex/generic/uniquecounter\uniquecounter.sty
Package: uniquecounter 2019/12/15 v1.4 Provide unlimited unique counter (HO)
)
Package uniquecounter Info: New unique counter `rerunfilecheck' on input line 284.
)
\Hy@SectionHShift=\skip68
) (C:\Users\giuse\AppData\Local\Programs\MiKTeX\tex/latex/xurl\xurl.sty
Package: xurl 2022/01/09 v 0.10 modify URL breaks
) (C:\Users\giuse\AppData\Local\Programs\MiKTeX\tex/latex/amsmath\amsmath.sty
Package: amsmath 2025/07/09 v2.17z AMS math features
\@mathmargin=\skip69

For additional information on amsmath, use the `?' option.
(C:\Users\giuse\AppData\Local\Programs\MiKTeX\tex/latex/amsmath\amstext.sty
Package: amstext 2024/11/17 v2.01 AMS text
 (C:\Users\giuse\AppData\Local\Programs\MiKTeX\tex/latex/amsmath\amsgen.sty
File: amsgen.sty 1999/11/30 v2.0 generic functions
\@emptytoks=\toks28
\ex@=\dimen179
)) (C:\Users\giuse\AppData\Local\Programs\MiKTeX\tex/latex/amsmath\amsbsy.sty
Package: amsbsy 1999/11/29 v1.2d Bold Symbols
\pmbraise@=\dimen180
) (C:\Users\giuse\AppData\Local\Programs\MiKTeX\tex/latex/amsmath\amsopn.sty
Package: amsopn 2022/04/08 v2.04 operator names
)
\inf@bad=\count315
LaTeX Info: Redefining \frac on input line 233.
\uproot@=\count316
\leftroot@=\count317
LaTeX Info: Redefining \overline on input line 398.
LaTeX Info: Redefining \colon on input line 409.
\classnum@=\count318
\DOTSCASE@=\count319
LaTeX Info: Redefining \ldots on input line 495.
LaTeX Info: Redefining \dots on input line 498.
LaTeX Info: Redefining \cdots on input line 619.
\Mathstrutbox@=\box57
\strutbox@=\box58
LaTeX Info: Redefining \big on input line 721.
LaTeX Info: Redefining \Big on input line 722.
LaTeX Info: Redefining \bigg on input line 723.
LaTeX Info: Redefining \Bigg on input line 724.
\big@size=\dimen181
LaTeX Font Info:    Redeclaring font encoding OML on input line 742.
LaTeX Font Info:    Redeclaring font encoding OMS on input line 743.
\macc@depth=\count320
LaTeX Info: Redefining \bmod on input line 904.
LaTeX Info: Redefining \pmod on input line 909.
LaTeX Info: Redefining \smash on input line 939.
LaTeX Info: Redefining \relbar on input line 969.
LaTeX Info: Redefining \Relbar on input line 970.
\c@MaxMatrixCols=\count321
\dotsspace@=\muskip18
\c@parentequation=\count322
\dspbrk@lvl=\count323
\tag@help=\toks29
\row@=\count324
\column@=\count325
\maxfields@=\count326
\andhelp@=\toks30
\eqnshift@=\dimen182
\alignsep@=\dimen183
\tagshift@=\dimen184
\tagwidth@=\dimen185
\totwidth@=\dimen186
\lineht@=\dimen187
\@envbody=\toks31
\multlinegap=\skip70
\multlinetaggap=\skip71
\mathdisplay@stack=\toks32
LaTeX Info: Redefining \[ on input line 2950.
LaTeX Info: Redefining \] on input line 2951.
) (C:\Users\giuse\AppData\Local\Programs\MiKTeX\tex/latex/jknappen\mathrsfs.sty
Package: mathrsfs 1996/01/01 Math RSFS package v1.0 (jk)
\symrsfs=\mathgroup4
) (C:\Users\giuse\AppData\Local\Programs\MiKTeX\tex/latex/algorithms\algorithm.sty
Package: algorithm 2009/08/24 v0.1 Document Style `algorithm' - floating environment
 (C:\Users\giuse\AppData\Local\Programs\MiKTeX\tex/latex/float\float.sty
Package: float 2001/11/08 v1.3d Float enhancements (AL)
\c@float@type=\count327
\float@exts=\toks33
\float@box=\box59
\@float@everytoks=\toks34
\@floatcapt=\box60
) (C:\Users\giuse\AppData\Local\Programs\MiKTeX\tex/latex/base\ifthen.sty
Package: ifthen 2024/03/16 v1.1e Standard LaTeX ifthen package (DPC)
)
\@float@every@algorithm=\toks35
\c@algorithm=\count328
) (C:\Users\giuse\AppData\Local\Programs\MiKTeX\tex/latex/algorithmicx\algpseudocode.sty
Package: algpseudocode 
 (C:\Users\giuse\AppData\Local\Programs\MiKTeX\tex/latex/algorithmicx\algorithmicx.sty
Package: algorithmicx 2005/04/27 v1.2 Algorithmicx

Document Style algorithmicx 1.2 - a greatly improved `algorithmic' style
\c@ALG@line=\count329
\c@ALG@rem=\count330
\c@ALG@nested=\count331
\ALG@tlm=\skip72
\ALG@thistlm=\skip73
\c@ALG@Lnr=\count332
\c@ALG@blocknr=\count333
\c@ALG@storecount=\count334
\c@ALG@tmpcounter=\count335
\ALG@tmplength=\skip74
)
Document Style - pseudocode environments for use with the `algorithmicx' style
) (C:\Users\giuse\AppData\Local\Programs\MiKTeX\tex/latex/csquotes\csquotes.sty
Package: csquotes 2024-04-04 v5.2o context-sensitive quotations (JAW)
\csq@reset=\count336
\csq@gtype=\count337
\csq@glevel=\count338
\csq@qlevel=\count339
\csq@maxlvl=\count340
\csq@tshold=\count341
\csq@ltx@everypar=\toks36
 (C:\Users\giuse\AppData\Local\Programs\MiKTeX\tex/latex/csquotes\csquotes.def
File: csquotes.def 2024-04-04 v5.2o csquotes generic definitions (JAW)
)
Package csquotes Info: Trying to load configuration file 'csquotes.cfg'...
Package csquotes Info: ... configuration file loaded successfully.
 (C:\Users\giuse\AppData\Local\Programs\MiKTeX\tex/latex/csquotes\csquotes.cfg
File: csquotes.cfg 
)) (C:\Users\giuse\AppData\Local\Programs\MiKTeX\tex/latex/lipsum\lipsum.sty (C:\Users\giuse\AppData\Local\Programs\MiKTeX\tex/latex/l3packages/l3keys2e\l3keys2e.sty (C:\Users\giuse\AppData\Local\Programs\MiKTeX\tex/latex/l3kernel\expl3.sty
Package: expl3 2026-01-19 L3 programming layer (loader) 
 (C:\Users\giuse\AppData\Local\Programs\MiKTeX\tex/latex/l3backend\l3backend-pdftex.def
File: l3backend-pdftex.def 2025-10-09 L3 backend support: PDF output (pdfTeX)
\l__color_backend_stack_int=\count342
))
Package: l3keys2e 2025-10-09 LaTeX2e option processing using LaTeX3 keys
)
Package: lipsum 2021-09-20 v2.7 150 paragraphs of Lorem Ipsum dummy text
\g__lipsum_par_int=\count343
\l__lipsum_a_int=\count344
\l__lipsum_b_int=\count345
 (C:\Users\giuse\AppData\Local\Programs\MiKTeX\tex/latex/lipsum\lipsum.ltd.tex)) (C:\Users\giuse\AppData\Local\Programs\MiKTeX\tex/latex/tocbibind\tocbibind.sty
Package: tocbibind 2010/10/13 v1.5k extra ToC listings
Package tocbibind Info: The document has chapter divisions on input line 50.


Package tocbibind Note: Using chapter style headings, unless overridden.

) (C:\Users\giuse\AppData\Local\Programs\MiKTeX\tex/latex/newtx\newtxtext.sty
Package: newtxtext 2024/04/01 v1.744(Michael Sharpe) latex and unicode latex support for TeXGyreTermesX
 `newtxtext' v1.744, 2024/04/01 Text macros taking advantage of TeXGyre Termes and its extensions (msharpe) (C:\Users\giuse\AppData\Local\Programs\MiKTeX\tex/latex/xpatch\xpatch.sty
Package: xpatch 2020/03/25 v0.3a Extending etoolbox patching commands
 (C:\Users\giuse\AppData\Local\Programs\MiKTeX\tex/latex/l3packages/xparse\xparse.sty
Package: xparse 2025-10-09 L3 Experimental document command parser
)) (C:\Users\giuse\AppData\Local\Programs\MiKTeX\tex/latex/xkeyval\xkeyval.sty
Package: xkeyval 2022/06/16 v2.9 package option processing (HA)
 (C:\Users\giuse\AppData\Local\Programs\MiKTeX\tex/generic/xkeyval\xkeyval.tex (C:\Users\giuse\AppData\Local\Programs\MiKTeX\tex/generic/xkeyval\xkvutils.tex
\XKV@toks=\toks37
\XKV@tempa@toks=\toks38
)
\XKV@depth=\count346
File: xkeyval.tex 2014/12/03 v2.7a key=value parser (HA)
)) (C:\Users\giuse\AppData\Local\Programs\MiKTeX\tex/latex/base\textcomp.sty
Package: textcomp 2024/04/24 v2.1b Standard LaTeX package
) (C:\Users\giuse\AppData\Local\Programs\MiKTeX\tex/latex/xstring\xstring.sty (C:\Users\giuse\AppData\Local\Programs\MiKTeX\tex/generic/xstring\xstring.tex
\xs_counta=\count347
\xs_countb=\count348
)
Package: xstring 2023/08/22 v1.86 String manipulations (CT)
) (C:\Users\giuse\AppData\Local\Programs\MiKTeX\tex/latex/carlisle\scalefnt.sty)
LaTeX Font Info:    Setting ntxLF sub-encoding to TS1/0 on input line 24.
LaTeX Font Info:    Setting ntxTLF sub-encoding to TS1/0 on input line 24.
LaTeX Font Info:    Setting ntxOsF sub-encoding to TS1/0 on input line 24.
LaTeX Font Info:    Setting ntxTOsF sub-encoding to TS1/0 on input line 24.
 (C:\Users\giuse\AppData\Local\Programs\MiKTeX\tex/generic/binhex\binhex.tex)
\ntx@tmpcnta=\count349
\ntx@cnt=\count350
 (C:\Users\giuse\AppData\Local\Programs\MiKTeX\tex/latex/fontaxes\fontaxes.sty
Package: fontaxes 2026-01-02 v2.0.2 Font selection axes (deprecated)
Applying: [2024-11-01] Use figureversions if present on input line 74.
 (C:\Users\giuse\AppData\Local\Programs\MiKTeX\tex/latex/figureversions\figureversions.sty
Package: figureversions 2025-04-29 v1.0.1 Figure versions
)
Already applied: [0000-00-00] Fall back to v1 on input line 76.
)
\tx@sixem=\dimen188
\tx@y=\dimen189
\tx@x=\dimen190
\tx@tmpdima=\dimen191
\tx@tmpdimb=\dimen192
\tx@tmpdimc=\dimen193
\tx@tmpdimd=\dimen194
\tx@tmpdime=\dimen195
\tx@tmpdimf=\dimen196
\tx@dimA=\dimen197
\tx@dimAA=\dimen198
\tx@dimB=\dimen199
\tx@dimBB=\dimen256
\tx@dimC=\dimen257
LaTeX Info: Redefining \oldstylenums on input line 902.
)) (C:\Users\giuse\AppData\Local\Programs\MiKTeX\tex/latex/newtx\newtxmath.sty
Package: newtxmath 2024/09/22 v1.754
 `newtxmath' v1.754, 2024/09/22 Math macros based originally on txfonts (msharpe) (C:\Users\giuse\AppData\Local\Programs\MiKTeX\tex/latex/oberdiek\centernot.sty
Package: centernot 2016/05/16 v1.4 Centers the not symbol horizontally (HO)
)
\tx@cntz=\count351
 (C:\Users\giuse\AppData\Local\Programs\MiKTeX\tex/generic/binhex\binhex.tex)
\tx@Isdigit=\count352
\tx@IsAlNum=\count353
\tx@tA=\toks39
\tx@tB=\toks40
\tx@su=\read4

amsthm NOT loaded
LaTeX Font Info:    Redeclaring symbol font `operators' on input line 402.
LaTeX Font Info:    Overwriting symbol font `operators' in version `normal'
(Font)                  OT1/cmr/m/n --> OT1/minntx/m/n on input line 402.
LaTeX Font Info:    Overwriting symbol font `operators' in version `bold'
(Font)                  OT1/cmr/bx/n --> OT1/minntx/m/n on input line 402.
LaTeX Font Info:    Overwriting symbol font `operators' in version `bold'
(Font)                  OT1/minntx/m/n --> OT1/minntx/b/n on input line 403.
LaTeX Font Info:    Redeclaring math alphabet \mathsf on input line 410.
LaTeX Font Info:    Overwriting math alphabet `\mathsf' in version `normal'
(Font)                  OT1/cmss/m/n --> OT1/qhv/m/n on input line 410.
LaTeX Font Info:    Overwriting math alphabet `\mathsf' in version `bold'
(Font)                  OT1/cmss/bx/n --> OT1/qhv/m/n on input line 410.
LaTeX Font Info:    Overwriting math alphabet `\mathsf' in version `bold'
(Font)                  OT1/qhv/m/n --> OT1/qhv/b/n on input line 412.
LaTeX Font Info:    Redeclaring math alphabet \mathit on input line 419.
LaTeX Font Info:    Overwriting math alphabet `\mathit' in version `normal'
(Font)                  OT1/cmr/m/it --> OT1/minntx/m/it on input line 419.
LaTeX Font Info:    Overwriting math alphabet `\mathit' in version `bold'
(Font)                  OT1/cmr/bx/it --> OT1/minntx/m/it on input line 419.
LaTeX Font Info:    Redeclaring math alphabet \mathtt on input line 420.
LaTeX Font Info:    Overwriting math alphabet `\mathtt' in version `normal'
(Font)                  OT1/cmtt/m/n --> OT1/ntxtt/m/n on input line 420.
LaTeX Font Info:    Overwriting math alphabet `\mathtt' in version `bold'
(Font)                  OT1/cmtt/m/n --> OT1/ntxtt/m/n on input line 420.
LaTeX Font Info:    Redeclaring math alphabet \mathbf on input line 422.
LaTeX Font Info:    Overwriting math alphabet `\mathbf' in version `normal'
(Font)                  OT1/cmr/bx/n --> OT1/minntx/b/n on input line 422.
LaTeX Font Info:    Overwriting math alphabet `\mathbf' in version `bold'
(Font)                  OT1/cmr/bx/n --> OT1/minntx/b/n on input line 422.
LaTeX Font Info:    Overwriting math alphabet `\mathit' in version `bold'
(Font)                  OT1/minntx/m/it --> OT1/minntx/b/it on input line 423.
LaTeX Font Info:    Overwriting math alphabet `\mathtt' in version `bold'
(Font)                  OT1/ntxtt/m/n --> OT1/ntxtt/b/n on input line 426.
LaTeX Font Info:    Redeclaring symbol font `letters' on input line 534.
LaTeX Font Info:    Overwriting symbol font `letters' in version `normal'
(Font)                  OML/cmm/m/it --> OML/ntxmi/m/it on input line 534.
LaTeX Font Info:    Overwriting symbol font `letters' in version `bold'
(Font)                  OML/cmm/b/it --> OML/ntxmi/m/it on input line 534.
LaTeX Font Info:    Overwriting symbol font `letters' in version `bold'
(Font)                  OML/ntxmi/m/it --> OML/ntxmi/b/it on input line 535.
\symlettersA=\mathgroup5
LaTeX Font Info:    Overwriting symbol font `lettersA' in version `bold'
(Font)                  U/ntxmia/m/it --> U/ntxmia/b/it on input line 582.
Now handling font encoding LMS ...
... no UTF-8 mapping file for font encoding LMS
LaTeX Font Info:    Redeclaring symbol font `symbols' on input line 604.
LaTeX Font Info:    Encoding `OMS' has changed to `LMS' for symbol font
(Font)              `symbols' in the math version `normal' on input line 604.
LaTeX Font Info:    Overwriting symbol font `symbols' in version `normal'
(Font)                  OMS/cmsy/m/n --> LMS/ntxsy/m/n on input line 604.
LaTeX Font Info:    Encoding `OMS' has changed to `LMS' for symbol font
(Font)              `symbols' in the math version `bold' on input line 604.
LaTeX Font Info:    Overwriting symbol font `symbols' in version `bold'
(Font)                  OMS/cmsy/b/n --> LMS/ntxsy/m/n on input line 604.
LaTeX Font Info:    Overwriting symbol font `symbols' in version `bold'
(Font)                  LMS/ntxsy/m/n --> LMS/ntxsy/b/n on input line 605.
\symAMSm=\mathgroup6
LaTeX Font Info:    Overwriting symbol font `AMSm' in version `bold'
(Font)                  U/ntxsym/m/n --> U/ntxsym/b/n on input line 630.
\symsymbolsC=\mathgroup7
LaTeX Font Info:    Overwriting symbol font `symbolsC' in version `bold'
(Font)                  U/ntxsyc/m/n --> U/ntxsyc/b/n on input line 651.
Now handling font encoding LMX ...
... no UTF-8 mapping file for font encoding LMX
LaTeX Font Info:    Redeclaring symbol font `largesymbols' on input line 664.
LaTeX Font Info:    Encoding `OMX' has changed to `LMX' for symbol font
(Font)              `largesymbols' in the math version `normal' on input line 664.
LaTeX Font Info:    Overwriting symbol font `largesymbols' in version `normal'
(Font)                  OMX/cmex/m/n --> LMX/ntxexx/m/n on input line 664.
LaTeX Font Info:    Encoding `OMX' has changed to `LMX' for symbol font
(Font)              `largesymbols' in the math version `bold' on input line 664.
LaTeX Font Info:    Overwriting symbol font `largesymbols' in version `bold'
(Font)                  OMX/cmex/m/n --> LMX/ntxexx/m/n on input line 664.
LaTeX Font Info:    Overwriting symbol font `largesymbols' in version `bold'
(Font)                  LMX/ntxexx/m/n --> LMX/ntxexx/b/n on input line 665.
\symlargesymbolsTXA=\mathgroup8
LaTeX Font Info:    Overwriting symbol font `largesymbolsTXA' in version `bold'
(Font)                  U/ntxexa/m/n --> U/ntxexa/b/n on input line 679.
\tx@sbptoks=\toks41
LaTeX Font Info:    Redeclaring math delimiter \lfloor on input line 902.
LaTeX Font Info:    Redeclaring math delimiter \rfloor on input line 903.
LaTeX Font Info:    Redeclaring math delimiter \lceil on input line 904.
LaTeX Font Info:    Redeclaring math delimiter \rceil on input line 905.
LaTeX Font Info:    Redeclaring math delimiter \lbrace on input line 910.
LaTeX Font Info:    Redeclaring math delimiter \rbrace on input line 911.
LaTeX Font Info:    Redeclaring math delimiter \langle on input line 913.
LaTeX Font Info:    Redeclaring math delimiter \rangle on input line 915.
LaTeX Font Info:    Redeclaring math delimiter \arrowvert on input line 919.
LaTeX Font Info:    Redeclaring math delimiter \vert on input line 920.
LaTeX Font Info:    Redeclaring math symbol \hbar on input line 966.
LaTeX Font Info:    Redeclaring math accent \dot on input line 991.
LaTeX Font Info:    Redeclaring math accent \ddot on input line 992.
LaTeX Font Info:    Redeclaring math accent \vec on input line 2057.
LaTeX Info: Redefining \Bbbk on input line 2847.
LaTeX Info: Redefining \not on input line 2995.
) (model/new_commands.tex) (model/layout.tex))
Package csquotes Info: Checking for multilingual support...
Package csquotes Info: ... found 'babel' package.
Package csquotes Info: Adjusting default style.
Package csquotes Info: Redefining alias 'default' -> 'english'.
LaTeX Font Info:    Trying to load font information for OT1+ntxtlf on input line 3.
 (C:\Users\giuse\AppData\Local\Programs\MiKTeX\tex/latex/newtx\ot1ntxtlf.fd
File: ot1ntxtlf.fd 2021/05/24 v1.0 font definition file for OT1/ntx/tlf
)
LaTeX Font Info:    Font shape `OT1/ntxtlf/m/n' will be
(Font)              scaled to size 12.0pt on input line 3.
 (tesi.aux)
\openout1 = `tesi.aux'.

LaTeX Font Info:    Checking defaults for OML/ntxmi/m/it on input line 3.
LaTeX Font Info:    Trying to load font information for OML+ntxmi on input line 3.
 (C:\Users\giuse\AppData\Local\Programs\MiKTeX\tex/latex/newtx\omlntxmi.fd
File: omlntxmi.fd 2015/08/25 Fontinst v1.933 font definitions for OML/ntxmi.
)
LaTeX Font Info:    ... okay on input line 3.
LaTeX Font Info:    Checking defaults for OMS/cmsy/m/n on input line 3.
LaTeX Font Info:    ... okay on input line 3.
LaTeX Font Info:    Checking defaults for OT1/cmr/m/n on input line 3.
LaTeX Font Info:    ... okay on input line 3.
LaTeX Font Info:    Checking defaults for T1/cmr/m/n on input line 3.
LaTeX Font Info:    ... okay on input line 3.
LaTeX Font Info:    Checking defaults for TS1/cmr/m/n on input line 3.
LaTeX Font Info:    ... okay on input line 3.
LaTeX Font Info:    Checking defaults for OMX/cmex/m/n on input line 3.
LaTeX Font Info:    ... okay on input line 3.
LaTeX Font Info:    Checking defaults for U/ntxexa/m/n on input line 3.
LaTeX Font Info:    Trying to load font information for U+ntxexa on input line 3.
 (C:\Users\giuse\AppData\Local\Programs\MiKTeX\tex/latex/newtx\untxexa.fd
File: untxexa.fd 2012/04/16 Fontinst v1.933 font definitions for U/ntxexa.
)
LaTeX Font Info:    ... okay on input line 3.
LaTeX Font Info:    Checking defaults for PD1/pdf/m/n on input line 3.
LaTeX Font Info:    ... okay on input line 3.
LaTeX Font Info:    Checking defaults for PU/pdf/m/n on input line 3.
LaTeX Font Info:    ... okay on input line 3.
LaTeX Font Info:    Checking defaults for LMS/ntxsy/m/n on input line 3.
LaTeX Font Info:    Trying to load font information for LMS+ntxsy on input line 3.
 (C:\Users\giuse\AppData\Local\Programs\MiKTeX\tex/latex/newtx\lmsntxsy.fd
File: lmsntxsy.fd 2016/07/02 Fontinst v1.933 font definitions for LMS/ntxsy.
)
LaTeX Font Info:    ... okay on input line 3.
LaTeX Font Info:    Checking defaults for LMX/ntxexx/m/n on input line 3.
LaTeX Font Info:    Trying to load font information for LMX+ntxexx on input line 3.
 (C:\Users\giuse\AppData\Local\Programs\MiKTeX\tex/latex/newtx\lmxntxexx.fd
File: lmxntxexx.fd 2016/07/03 Fontinst v1.933 font definitions for LMX/ntxexx.
)
LaTeX Font Info:    ... okay on input line 3.

*geometry* driver: auto-detecting
*geometry* detected driver: pdftex
*geometry* verbose mode - [ preamble ] result:
* driver: pdftex
* paper: a4paper
* layout: <same size as paper>
* layoutoffset:(h,v)=(0.0pt,0.0pt)
* modes: twoside 
* h-part:(L,W,R)=(85.35826pt, 455.24411pt, 56.9055pt)
* v-part:(T,H,B)=(56.9055pt, 731.23584pt, 56.9055pt)
* \paperwidth=597.50787pt
* \paperheight=845.04684pt
* \textwidth=455.24411pt
* \textheight=731.23584pt
* \oddsidemargin=13.08827pt
* \evensidemargin=-15.36449pt
* \topmargin=-47.23828pt
* \headheight=12.0pt
* \headsep=28.45274pt
* \topskip=12.0pt
* \footskip=28.45274pt
* \marginparwidth=88.0pt
* \marginparsep=7.0pt
* \columnsep=10.0pt
* \skip\footins=10.8pt plus 4.0pt minus 2.0pt
* \hoffset=0.0pt
* \voffset=0.0pt
* \mag=1000
* \@twocolumnfalse
* \@twosidetrue
* \@mparswitchtrue
* \@reversemarginfalse
* (1in=72.27pt=25.4mm, 1cm=28.453pt)

\c@lstlisting=\count354
Package caption Info: Begin \AtBeginDocument code.
Package caption Info: float package is loaded.
Package caption Info: hyperref package is loaded.
Package caption Info: End \AtBeginDocument code.
(C:\Users\giuse\AppData\Local\Programs\MiKTeX\tex/context/base/mkii\supp-pdf.mkii
[Loading MPS to PDF converter (version 2006.09.02).]
\scratchcounter=\count355
\scratchdimen=\dimen258
\scratchbox=\box61
\nofMPsegments=\count356
\nofMParguments=\count357
\everyMPshowfont=\toks42
\MPscratchCnt=\count358
\MPscratchDim=\dimen259
\MPnumerator=\count359
\makeMPintoPDFobject=\count360
\everyMPtoPDFconversion=\toks43
) (C:\Users\giuse\AppData\Local\Programs\MiKTeX\tex/latex/epstopdf-pkg\epstopdf-base.sty
Package: epstopdf-base 2020-01-24 v2.11 Base part for package epstopdf
Package epstopdf-base Info: Redefining graphics rule for `.eps' on input line 485.
 (C:\Users\giuse\AppData\Local\Programs\MiKTeX\tex/latex/00miktex\epstopdf-sys.cfg
File: epstopdf-sys.cfg 2021/03/18 v2.0 Configuration of epstopdf for MiKTeX
))
Package hyperref Info: Link coloring OFF on input line 3.
 (tesi.out) (tesi.out)
\@outlinefile=\write3
\openout3 = `tesi.out'.

LaTeX Info: Command `\dddot' is already robust on input line 3.
LaTeX Info: Command `\ddddot' is already robust on input line 3.
\c@mv@tabular=\count361
\c@mv@boldtabular=\count362
 (start-end/frontespizio.tex
<images/logo.png, id=247, 2309.62875pt x 1043.9pt>
File: images/logo.png Graphic file (type png)
<use images/logo.png>
Package pdftex.def Info: images/logo.png  used on input line 9.
(pdftex.def)             Requested size: 182.09486pt x 82.30313pt.
<images/logo_dei.pdf, id=248, 98.3675pt x 63.23625pt>
File: images/logo_dei.pdf Graphic file (type pdf)
<use images/logo_dei.pdf>
Package pdftex.def Info: images/logo_dei.pdf  used on input line 13.
(pdftex.def)             Requested size: 113.81102pt x 73.164pt.
LaTeX Font Info:    Font shape `OT1/ntxtlf/m/sc' will be
(Font)              scaled to size 12.0pt on input line 20.
LaTeX Font Info:    Font shape `OT1/ntxtlf/m/sc' will be
(Font)              scaled to size 20.74pt on input line 20.
LaTeX Font Info:    Font shape `OT1/ntxtlf/m/sc' will be
(Font)              scaled to size 14.4pt on input line 22.
LaTeX Font Info:    Font shape `OT1/ntxtlf/m/n' will be
(Font)              scaled to size 20.74pt on input line 28.
LaTeX Font Info:    Font shape `OT1/ntxtlf/b/n' will be
(Font)              scaled to size 20.74pt on input line 28.
LaTeX Font Info:    Font shape `OT1/ntxtlf/m/it' will be
(Font)              scaled to size 12.0pt on input line 31.
LaTeX Font Info:    Font shape `OT1/ntxtlf/m/it' will be
(Font)              scaled to size 14.4pt on input line 31.
LaTeX Font Info:    Font shape `OT1/ntxtlf/m/n' will be
(Font)              scaled to size 14.4pt on input line 38.
 [1


{C:/Users/giuse/AppData/Local/MiKTeX/fonts/map/pdftex/pdftex.map}{C:/Users/giuse/AppData/Local/Programs/MiKTeX/fonts/enc/dvips/newtx/ntx-ot1-tlf-pc.enc}{C:/Users/giuse/AppData/Local/Programs/MiKTeX/fonts/enc/dvips/newtx/ntx-ot1-tlf.enc} <./images/logo.png> <./images/logo_dei.pdf>] [2

]) (start-end/thanks.tex
LaTeX Font Info:    Font shape `OT1/ntxtlf/m/sl' will be
(Font)              scaled to size 12.0pt on input line 25.
) [1


{C:/Users/giuse/AppData/Local/Programs/MiKTeX/fonts/enc/dvips/newtx/ntx-ot1-th-tlf.enc}]
LaTeX Font Info:    Trying to load font information for OT1+qhv on input line 13.
 (C:\Users\giuse\AppData\Local\Programs\MiKTeX\tex/latex/tex-gyre\ot1qhv.fd
File: ot1qhv.fd 2009/09/25 v1.2 font definition file for OT1/qhv
)
LaTeX Font Info:    Font shape `OT1/qhv/m/n' will be
(Font)              scaled to size 11.28003pt on input line 13.
 [2


{C:/Users/giuse/AppData/Local/Programs/MiKTeX/fonts/enc/dvips/tex-gyre/q-rm.enc}] (start-end/abstract.tex
LaTeX Font Info:    Font shape `OT1/ntxtlf/b/n' will be
(Font)              scaled to size 12.0pt on input line 13.
) [3] [4


]
LaTeX Font Info:    Font shape `OT1/ntxtlf/m/n' will be
(Font)              scaled to size 24.88pt on input line 18.
LaTeX Font Info:    Font shape `OT1/ntxtlf/b/n' will be
(Font)              scaled to size 24.88pt on input line 18.
 (tesi.lof
LaTeX Font Info:    Trying to load font information for OT1+minntx on input line 3.
 (C:\Users\giuse\AppData\Local\Programs\MiKTeX\tex/latex/newtx\ot1minntx.fd
File: ot1minntx.fd 2023/09/09 v1.1 font definition file for OT1/minntx
)
LaTeX Font Info:    Font shape `OT1/minntx/m/n' will be
(Font)              scaled to size 12.0pt on input line 3.
LaTeX Font Info:    Font shape `OT1/minntx/m/n' will be
(Font)              scaled to size 8.8pt on input line 3.
LaTeX Font Info:    Font shape `OT1/minntx/m/n' will be
(Font)              scaled to size 6.6pt on input line 3.
LaTeX Font Info:    Font shape `OML/ntxmi/m/it' will be
(Font)              scaled to size 12.0pt on input line 3.
LaTeX Font Info:    Font shape `OML/ntxmi/m/it' will be
(Font)              scaled to size 8.8pt on input line 3.
LaTeX Font Info:    Font shape `OML/ntxmi/m/it' will be
(Font)              scaled to size 6.6pt on input line 3.
LaTeX Font Info:    Font shape `LMS/ntxsy/m/n' will be
(Font)              scaled to size 12.0pt on input line 3.
LaTeX Font Info:    Font shape `LMS/ntxsy/m/n' will be
(Font)              scaled to size 8.8pt on input line 3.
LaTeX Font Info:    Font shape `LMS/ntxsy/m/n' will be
(Font)              scaled to size 6.6pt on input line 3.
LaTeX Font Info:    Font shape `LMX/ntxexx/m/n' will be
(Font)              scaled to size 12.0pt on input line 3.
LaTeX Font Info:    Font shape `LMX/ntxexx/m/n' will be
(Font)              scaled to size 8.8pt on input line 3.
LaTeX Font Info:    Font shape `LMX/ntxexx/m/n' will be
(Font)              scaled to size 6.6pt on input line 3.
LaTeX Font Info:    Trying to load font information for U+rsfs on input line 3.
 (C:\Users\giuse\AppData\Local\Programs\MiKTeX\tex/latex/jknappen\ursfs.fd
File: ursfs.fd 1998/03/24 rsfs font definition file (jk)
)
LaTeX Font Info:    Trying to load font information for U+ntxmia on input line 3.
 (C:\Users\giuse\AppData\Local\Programs\MiKTeX\tex/latex/newtx\untxmia.fd
File: untxmia.fd 2024/04/09 Fontinst v1.933 font definitions for U/ntxmia.
)
LaTeX Font Info:    Font shape `U/ntxmia/m/it' will be
(Font)              scaled to size 12.0pt on input line 3.
LaTeX Font Info:    Font shape `U/ntxmia/m/it' will be
(Font)              scaled to size 8.8pt on input line 3.
LaTeX Font Info:    Font shape `U/ntxmia/m/it' will be
(Font)              scaled to size 6.6pt on input line 3.
LaTeX Font Info:    Trying to load font information for U+ntxsym on input line 3.
 (C:\Users\giuse\AppData\Local\Programs\MiKTeX\tex/latex/newtx\untxsym.fd
File: untxsym.fd 2023/08/16 Fontinst v1.933 font definitions for U/ntxsym.
)
LaTeX Font Info:    Font shape `U/ntxsym/m/n' will be
(Font)              scaled to size 12.0pt on input line 3.
LaTeX Font Info:    Font shape `U/ntxsym/m/n' will be
(Font)              scaled to size 8.8pt on input line 3.
LaTeX Font Info:    Font shape `U/ntxsym/m/n' will be
(Font)              scaled to size 6.6pt on input line 3.
LaTeX Font Info:    Trying to load font information for U+ntxsyc on input line 3.
 (C:\Users\giuse\AppData\Local\Programs\MiKTeX\tex/latex/newtx\untxsyc.fd
File: untxsyc.fd 2012/04/12 Fontinst v1.933 font definitions for U/ntxsyc.
)
LaTeX Font Info:    Font shape `U/ntxsyc/m/n' will be
(Font)              scaled to size 12.0pt on input line 3.
LaTeX Font Info:    Font shape `U/ntxsyc/m/n' will be
(Font)              scaled to size 8.8pt on input line 3.
LaTeX Font Info:    Font shape `U/ntxsyc/m/n' will be
(Font)              scaled to size 6.6pt on input line 3.
LaTeX Font Info:    Font shape `U/ntxexa/m/n' will be
(Font)              scaled to size 12.0pt on input line 3.
LaTeX Font Info:    Font shape `U/ntxexa/m/n' will be
(Font)              scaled to size 8.8pt on input line 3.
LaTeX Font Info:    Font shape `U/ntxexa/m/n' will be
(Font)              scaled to size 6.6pt on input line 3.
 [5

]
Overfull \hbox (0.80223pt too wide) in paragraph at lines 29--29
 [][] [][]\OT1/minntx/m/n/12 YOLOv12 R-ELAN ar-chi-tec-ture overview, il-lus-trat-ing the skip con-nec-tion mech- 
 []

[6]
Overfull \hbox (7.16197pt too wide) in paragraph at lines 45--45
 [][] [][]\OT1/minntx/m/n/12 Example of a con-fig-urable re-gion of in-ter-est (ROI) su-per-im-posed on a background- 
 []

[7])
\tf@lof=\write4
\openout4 = `tesi.lof'.

 [8] (tesi.lot)
\tf@lot=\write5
\openout5 = `tesi.lot'.

 [9

] [10

] (tesi.toc [11])
\tf@toc=\write6
\openout6 = `tesi.toc'.

 [12] (Chapters/Chapter_1/0_chapter_1.tex
Chapter 1.
(Chapters/Chapter_1/2_Problem statement.tex)
LaTeX Font Info:    Font shape `OT1/ntxtlf/m/n' will be
(Font)              scaled to size 17.28pt on input line 9.
LaTeX Font Info:    Font shape `OT1/ntxtlf/b/n' will be
(Font)              scaled to size 17.28pt on input line 9.
 (Chapters/Chapter_1/3_Thesis goal.tex
LaTeX Font Info:    Trying to load font information for TS1+ntxtlf on input line 8.
 (C:\Users\giuse\AppData\Local\Programs\MiKTeX\tex/latex/newtx\ts1ntxtlf.fd
File: ts1ntxtlf.fd 2015/01/18 v1.0 fd file for TS1/ntxtlf
)
LaTeX Font Info:    Font shape `TS1/ntxtlf/m/n' will be
(Font)              scaled to size 12.0pt on input line 8.

pdfTeX warning (ext4): destination with the same identifier (name{page.1}) has been already used, duplicate ignored
<to be read again> 
                   \relax 
l.13 \end{itemize}
                   [1





{C:/Users/giuse/AppData/Local/Programs/MiKTeX/fonts/enc/dvips/tex-gyre/q-ts1.enc}]
<images/Site1.jpg, id=644, 4015.0pt x 3011.25pt>
File: images/Site1.jpg Graphic file (type jpg)
<use images/Site1.jpg>
Package pdftex.def Info: images/Site1.jpg  used on input line 20.
(pdftex.def)             Requested size: 281.07872pt x 210.80904pt.
LaTeX Font Info:    Font shape `OT1/ntxtlf/m/n' will be
(Font)              scaled to size 8.0pt on input line 21.
LaTeX Font Info:    Font shape `OT1/ntxtlf/b/n' will be
(Font)              scaled to size 8.0pt on input line 21.
<images/sito2_giorno.jpeg, id=645, 1505.625pt x 2007.5pt>
File: images/sito2_giorno.jpeg Graphic file (type jpg)
<use images/sito2_giorno.jpeg>
Package pdftex.def Info: images/sito2_giorno.jpeg  used on input line 27.
(pdftex.def)             Requested size: 210.78606pt x 281.04808pt.

pdfTeX warning (ext4): destination with the same identifier (name{page.2}) has been already used, duplicate ignored
<to be read again> 
                   \relax 
l.43 
      [2 <./images/Site1.jpg> <./images/sito2_giorno.jpeg>]) (Chapters/Chapter_1/4_Internship.tex [3]
LaTeX Font Info:    Font shape `OT1/ntxtlf/b/n' will be
(Font)              scaled to size 14.4pt on input line 9.
 [4]) (Chapters/Chapter_1/7_Problematic.tex
LaTeX Font Info:    Trying to load font information for OT1+ntxtt on input line 11.
 (C:\Users\giuse\AppData\Local\Programs\MiKTeX\tex/latex/newtx\ot1ntxtt.fd
File: ot1ntxtt.fd 2012/04/20 v3.1
)
LaTeX Font Info:    Font shape `OT1/ntxtt/m/n' will be
(Font)              scaled to size 12.0pt on input line 11.
 [5]
<images/faretto_sito_2.JPG, id=686, 1755.55875pt x 718.685pt>
File: images/faretto_sito_2.JPG Graphic file (type jpg)
<use images/faretto_sito_2.JPG>
Package pdftex.def Info: images/faretto_sito_2.JPG  used on input line 61.
(pdftex.def)             Requested size: 364.19667pt x 149.08597pt.


LaTeX Warning: `h' float specifier changed to `ht'.

) (Chapters/Chapter_1/5_Companies.tex [6]
<images/flexsight_logo.png, id=696, 2055.68pt x 441.65pt>
File: images/flexsight_logo.png Graphic file (type png)
<use images/flexsight_logo.png>
Package pdftex.def Info: images/flexsight_logo.png  used on input line 12.
(pdftex.def)             Requested size: 273.14923pt x 58.68344pt.
<images/Smact-Logo.png, id=700, 770.88pt x 353.06906pt>
File: images/Smact-Logo.png Graphic file (type png)
<use images/Smact-Logo.png>
Package pdftex.def Info: images/Smact-Logo.png  used on input line 22.
(pdftex.def)             Requested size: 227.62206pt x 104.25143pt.
)) (Chapters/Chapter_2/0_chapter_2.tex [7 <./images/faretto_sito_2.JPG> <./images/flexsight_logo.png>] [8 <./images/Smact-Logo.png>]
Chapter 2.
(Chapters/Chapter_2/1_Computer vision.tex) (Chapters/Chapter_2/1.1_Object_detection.tex
<images/object-detection.png, id=717, 915.42pt x 596.2275pt>
File: images/object-detection.png Graphic file (type png)
<use images/object-detection.png>
Package pdftex.def Info: images/object-detection.png  used on input line 10.
(pdftex.def)             Requested size: 228.85443pt x 149.0565pt.
 [9

 <./images/object-detection.png>]
<images/Intersection_over_Union.png, id=725, 602.25pt x 469.755pt>
File: images/Intersection_over_Union.png Graphic file (type png)
<use images/Intersection_over_Union.png>
Package pdftex.def Info: images/Intersection_over_Union.png  used on input line 28.
(pdftex.def)             Requested size: 150.56212pt x 117.43846pt.
<images/IoU.png, id=726, 602.25pt x 248.93pt>
File: images/IoU.png Graphic file (type png)
<use images/IoU.png>
Package pdftex.def Info: images/IoU.png  used on input line 34.
(pdftex.def)             Requested size: 150.56212pt x 62.23235pt.
<images/NMS1.png, id=727, 1027.84pt x 541.02126pt>
File: images/NMS1.png Graphic file (type png)
<use images/NMS1.png>
Package pdftex.def Info: images/NMS1.png  used on input line 50.
(pdftex.def)             Requested size: 308.35437pt x 162.30762pt.
 [10 <./images/Intersection_over_Union.png> <./images/IoU.png>]) (Chapters/Chapter_2/1.2_Image_segmentation.tex
<images/segmentation.png, id=743, 2006.49625pt x 1702.36pt>
File: images/segmentation.png Graphic file (type png)
<use images/segmentation.png>
Package pdftex.def Info: images/segmentation.png  used on input line 14.
(pdftex.def)             Requested size: 200.66138pt x 170.24597pt.


LaTeX Warning: `h' float specifier changed to `ht'.

[11 <./images/NMS1.png>]) (Chapters/Chapter_2/1.3_Clustering.tex [12 <./images/segmentation.png>]
<images/clustering.png, id=771, 586.1097pt x 333.1647pt>
File: images/clustering.png Graphic file (type png)
<use images/clustering.png>
Package pdftex.def Info: images/clustering.png  used on input line 13.
(pdftex.def)             Requested size: 234.43971pt x 133.2635pt.
<images/Background_subtraction.png, id=774, 1924.18875pt x 1015.54407pt>
File: images/Background_subtraction.png Graphic file (type png)
<use images/Background_subtraction.png>
Package pdftex.def Info: images/Background_subtraction.png  used on input line 25.
(pdftex.def)             Requested size: 273.14923pt x 144.15868pt.


LaTeX Warning: `h' float specifier changed to `ht'.

) (Chapters/Chapter_2/1.4_Metrics.tex [13 <./images/clustering.png>]
<images/Precisionrecall1.png, id=786, 877.2775pt x 1187.43625pt>
File: images/Precisionrecall1.png Graphic file (type png)
<use images/Precisionrecall1.png>
Package pdftex.def Info: images/Precisionrecall1.png  used on input line 29.
(pdftex.def)             Requested size: 163.88739pt x 221.8284pt.
<images/Precisionrecall2.png, id=787, 814.04124pt x 580.1675pt>
File: images/Precisionrecall2.png Graphic file (type png)
<use images/Precisionrecall2.png>
Package pdftex.def Info: images/Precisionrecall2.png  used on input line 33.
(pdftex.def)             Requested size: 204.85846pt x 145.99759pt.


LaTeX Warning: `h' float specifier changed to `ht'.

[14 <./images/Background_subtraction.png>]
<images/segmentation-iou.jpg, id=801, 1027.84pt x 297.11pt>
File: images/segmentation-iou.jpg Graphic file (type jpg)
<use images/segmentation-iou.jpg>
Package pdftex.def Info: images/segmentation-iou.jpg  used on input line 54.
(pdftex.def)             Requested size: 359.74939pt x 103.99005pt.
 [15 <./images/Precisionrecall1.png> <./images/Precisionrecall2.png> <./images/segmentation-iou.jpg>]
<images/auroc.png, id=817, 1875.005pt x 1383.1675pt>
File: images/auroc.png Graphic file (type png)
<use images/auroc.png>
Package pdftex.def Info: images/auroc.png  used on input line 68.
(pdftex.def)             Requested size: 281.23862pt x 207.46617pt.
 [16 <./images/auroc.png>]) (Chapters/Chapter_2/2_Neural_Networks.tex
<images/NN.png, id=834, 853.1875pt x 499.8675pt>
File: images/NN.png Graphic file (type png)
<use images/NN.png>
Package pdftex.def Info: images/NN.png  used on input line 7.
(pdftex.def)             Requested size: 227.62206pt x 133.35664pt.
<images/Gradient_descent.png, id=837, 705.63625pt x 367.3725pt>
File: images/Gradient_descent.png Graphic file (type png)
<use images/Gradient_descent.png>
Package pdftex.def Info: images/Gradient_descent.png  used on input line 15.
(pdftex.def)             Requested size: 227.62206pt x 118.50334pt.

Underfull \vbox (badness 2564) has occurred while \output is active []

 [17 <./images/NN.png> <./images/Gradient_descent.png (PNG copy)>]
<images/DL.png, id=852, 510.90875pt x 249.93375pt>
File: images/DL.png Graphic file (type png)
<use images/DL.png>
Package pdftex.def Info: images/DL.png  used on input line 25.
(pdftex.def)             Requested size: 295.90588pt x 144.75574pt.
 [18 <./images/DL.png>]
<images/CNN.png, id=868, 1535.7375pt x 717.68124pt>
File: images/CNN.png Graphic file (type png)
<use images/CNN.png>
Package pdftex.def Info: images/CNN.png  used on input line 36.
(pdftex.def)             Requested size: 386.96027pt x 180.83253pt.
) (Chapters/Chapter_2/3_ViT.tex
<images/ViT_vs_CNN.png, id=872, 876.27374pt x 542.025pt>
File: images/ViT_vs_CNN.png Graphic file (type png)
<use images/ViT_vs_CNN.png>
Package pdftex.def Info: images/ViT_vs_CNN.png  used on input line 7.
(pdftex.def)             Requested size: 219.06789pt x 135.5059pt.


LaTeX Warning: `h' float specifier changed to `ht'.

[19 <./images/CNN.png>]
<images/cnn_vs_ViT1.png, id=879, 1204.5pt x 446.66875pt>
File: images/cnn_vs_ViT1.png Graphic file (type png)
<use images/cnn_vs_ViT1.png>
Package pdftex.def Info: images/cnn_vs_ViT1.png  used on input line 15.
(pdftex.def)             Requested size: 318.66948pt x 118.17581pt.
<images/cnn_vs_ViT2.png, id=880, 1203.49625pt x 598.235pt>
File: images/cnn_vs_ViT2.png Graphic file (type png)
<use images/cnn_vs_ViT2.png>
Package pdftex.def Info: images/cnn_vs_ViT2.png  used on input line 20.
(pdftex.def)             Requested size: 318.66948pt x 158.40372pt.
 [20 <./images/ViT_vs_CNN.png> <./images/cnn_vs_ViT1.png> <./images/cnn_vs_ViT2.png>]) (Chapters/Chapter_2/4_RT-DETR.tex
<images/DETR.png, id=893, 483.7272pt x 162.8484pt>
File: images/DETR.png Graphic file (type png)
<use images/DETR.png>
Package pdftex.def Info: images/DETR.png  used on input line 6.
(pdftex.def)             Requested size: 338.60672pt x 113.9931pt.

Overfull \hbox (3.307pt too wide) in paragraph at lines 11--12
[]\OT1/minntx/m/n/12 From an ar-chi-tec-tural per-spec-tive, RT-DETR re-tains the stan-dard backbone--encoder--decoder
 []

<images/RT-DETR.png, id=895, 2830.575pt x 933.4875pt>
File: images/RT-DETR.png Graphic file (type png)
<use images/RT-DETR.png>
Package pdftex.def Info: images/RT-DETR.png  used on input line 15.
(pdftex.def)             Requested size: 424.56793pt x 140.01707pt.
[21 <./images/DETR.png>]
<images/Hungarian_match.png, id=905, 1372.37718pt x 588.69937pt>
File: images/Hungarian_match.png Graphic file (type png)
<use images/Hungarian_match.png>
Package pdftex.def Info: images/Hungarian_match.png  used on input line 27.
(pdftex.def)             Requested size: 301.92392pt x 129.51425pt.
 [22 <./images/RT-DETR.png (PNG copy)> <./images/Hungarian_match.png>]) (Chapters/Chapter_2/5_Related_work.tex) (Chapters/Chapter_2/5.1_DEIMv2.tex
LaTeX Font Info:    Font shape `OT1/ntxtlf/b/it' will be
(Font)              scaled to size 12.0pt on input line 6.
<images/DEIMv2.png, id=914, 483.7272pt x 152.7306pt>
File: images/DEIMv2.png Graphic file (type png)
<use images/DEIMv2.png>
Package pdftex.def Info: images/DEIMv2.png  used on input line 12.
(pdftex.def)             Requested size: 364.19667pt x 114.99045pt.


LaTeX Warning: `h' float specifier changed to `ht'.

[23]
<images/DEIM_results.png, id=924, 1555.8125pt x 379.4175pt>
File: images/DEIM_results.png Graphic file (type png)
<use images/DEIM_results.png>
Package pdftex.def Info: images/DEIM_results.png  used on input line 20.
(pdftex.def)             Requested size: 409.71692pt x 99.91411pt.
) (Chapters/Chapter_2/5.2_YOLO.tex [24 <./images/DEIMv2.png> <./images/DEIM_results.png>]
<images/YOLO1.png, id=938, 824.32968pt x 173.89969pt>
File: images/YOLO1.png Graphic file (type png)
<use images/YOLO1.png>
Package pdftex.def Info: images/YOLO1.png  used on input line 8.
(pdftex.def)             Requested size: 409.71692pt x 86.43484pt.
<images/YOLO2.png, id=940, 835.62187pt x 242.40562pt>
File: images/YOLO2.png Graphic file (type png)
<use images/YOLO2.png>
Package pdftex.def Info: images/YOLO2.png  used on input line 15.
(pdftex.def)             Requested size: 409.71692pt x 118.85745pt.
<images/YOLO_results.png, id=947, 1147.28625pt x 204.765pt>
File: images/YOLO_results.png Graphic file (type png)
<use images/YOLO_results.png>
Package pdftex.def Info: images/YOLO_results.png  used on input line 27.
(pdftex.def)             Requested size: 409.71692pt x 73.1248pt.
) [25 <./images/YOLO1.png> <./images/YOLO2.png>] (Chapters/Chapter_2/5.3_Image segmentation.tex
<images/EoMT1.png, id=958, 1083.04625pt x 555.07375pt>
File: images/EoMT1.png Graphic file (type png)
<use images/EoMT1.png>
Package pdftex.def Info: images/EoMT1.png  used on input line 6.
(pdftex.def)             Requested size: 204.85846pt x 104.9908pt.
<images/EoMT_mask2.png, id=960, 575.14874pt x 324.46219pt>
File: images/EoMT_mask2.png Graphic file (type png)
<use images/EoMT_mask2.png>
Package pdftex.def Info: images/EoMT_mask2.png  used on input line 14.
(pdftex.def)             Requested size: 227.62206pt x 128.41116pt.


LaTeX Warning: `h' float specifier changed to `ht'.

<images/EoMT2.png, id=962, 231.86626pt x 381.425pt>
File: images/EoMT2.png Graphic file (type png)
<use images/EoMT2.png>
Package pdftex.def Info: images/EoMT2.png  used on input line 26.
(pdftex.def)             Requested size: 86.47906pt x 142.25995pt.

Underfull \hbox (badness 7631) in paragraph at lines 28--28
\OT1/ntxtlf/m/n/8 task-specific seg-men-
 []


Underfull \hbox (badness 1715) in paragraph at lines 28--28
\OT1/ntxtlf/m/n/8 ta-tion com-po-nents in
 []

<images/EoMT3.png, id=965, 680.5425pt x 703.12688pt>
File: images/EoMT3.png Graphic file (type png)
<use images/EoMT3.png>
Package pdftex.def Info: images/EoMT3.png  used on input line 37.
(pdftex.def)             Requested size: 192.76244pt x 199.15942pt.
[26 <./images/YOLO_results.png> <./images/EoMT1.png (PNG copy)>]) (Chapters/Chapter_2/5.4_Final considerations.tex
Underfull \vbox (badness 1629) has occurred while \output is active []

 [27 <./images/EoMT_mask2.png> <./images/EoMT2.png (PNG copy)> <./images/EoMT3.png>]
<images/DEIMvsYOLO1.png, id=984, 712.6625pt x 498.86375pt>
File: images/DEIMvsYOLO1.png Graphic file (type png)
<use images/DEIMvsYOLO1.png>
Package pdftex.def Info: images/DEIMvsYOLO1.png  used on input line 12.
(pdftex.def)             Requested size: 218.51521pt x 152.95628pt.
<images/DEIMvsYOLO2.png, id=989, 595.22375pt x 421.575pt>
File: images/DEIMvsYOLO2.png Graphic file (type png)
<use images/DEIMvsYOLO2.png>
Package pdftex.def Info: images/DEIMvsYOLO2.png  used on input line 18.
(pdftex.def)             Requested size: 218.51521pt x 154.76451pt.
 [28 <./images/DEIMvsYOLO1.png> <./images/DEIMvsYOLO2.png>]) (Chapters/Chapter_2/6_Anomaly_Detection.tex
<images/Anomaly.png, id=1009, 916.92563pt x 840.13875pt>
File: images/Anomaly.png Graphic file (type png)
<use images/Anomaly.png>
Package pdftex.def Info: images/Anomaly.png  used on input line 11.
(pdftex.def)             Requested size: 409.71692pt x 375.40532pt.


LaTeX Warning: `h' float specifier changed to `ht'.

) (Chapters/Chapter_2/6.1_EfficientAD.tex
Underfull \vbox (badness 5970) has occurred while \output is active []

 [29]
<images/EfficientAD_structure.png, id=1020, 1537.24312pt x 424.58624pt>
File: images/EfficientAD_structure.png Graphic file (type png)
<use images/EfficientAD_structure.png>
Package pdftex.def Info: images/EfficientAD_structure.png  used on input line 7.
(pdftex.def)             Requested size: 432.48051pt x 119.44698pt.


LaTeX Warning: `h' float specifier changed to `ht'.

[30 <./images/Anomaly.png>]
<images/EfficientAD_examples.png, id=1032, 707.64375pt x 674.52pt>
File: images/EfficientAD_examples.png Graphic file (type png)
<use images/EfficientAD_examples.png>
Package pdftex.def Info: images/EfficientAD_examples.png  used on input line 17.
(pdftex.def)             Requested size: 273.14923pt x 260.36514pt.
) (Chapters/Chapter_2/7_Training_an_AI.tex [31 <./images/EfficientAD_structure.png> <./images/EfficientAD_examples.png>]) (Chapters/Chapter_2/7.1_Dataset-split.tex
<images/dataset_split.png, id=1047, 815.045pt x 206.7725pt>
File: images/dataset_split.png Graphic file (type png)
<use images/dataset_split.png>
Package pdftex.def Info: images/dataset_split.png  used on input line 6.
(pdftex.def)             Requested size: 386.96027pt x 98.17062pt.
) (Chapters/Chapter_2/7.2_Over-Unde.tex
<images/under_over_example.png, id=1050, 1129.21875pt x 392.46625pt>
File: images/under_over_example.png Graphic file (type png)
<use images/under_over_example.png>
Package pdftex.def Info: images/under_over_example.png  used on input line 4.
(pdftex.def)             Requested size: 341.43307pt x 118.66899pt.
 [32 <./images/dataset_split.png>]
<images/under-overfitting.png, id=1061, 570.933pt x 363.15675pt>
File: images/under-overfitting.png Graphic file (type png)
<use images/under-overfitting.png>
Package pdftex.def Info: images/under-overfitting.png  used on input line 14.
(pdftex.def)             Requested size: 273.14923pt x 173.74803pt.
) [33 <./images/under_over_example.png (PNG copy)> <./images/under-overfitting.png>]) (Chapters/Chapter_3/0_chapter_3.tex [34]
Chapter 3.
(Chapters/Chapter_3/1.0_Site1.tex
<images/sito1(1).jpg, id=1073, 4015.0pt x 3011.25pt>
File: images/sito1(1).jpg Graphic file (type jpg)
<use images/sito1(1).jpg>
Package pdftex.def Info: images/sito1(1).jpg  used on input line 9.
(pdftex.def)             Requested size: 233.6629pt x 171.0316pt.
<images/Output1-2.jpg, id=1075, 1084.05pt x 1927.2pt>
File: images/Output1-2.jpg Graphic file (type jpg)
<use images/Output1-2.jpg>
Package pdftex.def Info: images/Output1-2.jpg  used on input line 16.
(pdftex.def)             Requested size: 205.97163pt x 236.48564pt.
 [35

 <./images/sito1(1).jpg> <./images/Output1-2.jpg>]
<images/Jetson+Kinect.jpg, id=1089, 4015.0pt x 3011.25pt>
File: images/Jetson+Kinect.jpg Graphic file (type jpg)
<use images/Jetson+Kinect.jpg>
Package pdftex.def Info: images/Jetson+Kinect.jpg  used on input line 34.
(pdftex.def)             Requested size: 218.51521pt x 163.85027pt.
<images/Kinect_on_site1.jpg, id=1090, 4015.0pt x 3011.25pt>
File: images/Kinect_on_site1.jpg Graphic file (type jpg)
<use images/Kinect_on_site1.jpg>
Package pdftex.def Info: images/Kinect_on_site1.jpg  used on input line 40.
(pdftex.def)             Requested size: 218.51521pt x 163.85027pt.
 [36 <./images/Jetson+Kinect.jpg> <./images/Kinect_on_site1.jpg>]
<images/ROI_example.jpg, id=1100, 1284.8pt x 722.7pt>
File: images/ROI_example.jpg Graphic file (type jpg)
<use images/ROI_example.jpg>
Package pdftex.def Info: images/ROI_example.jpg  used on input line 60.
(pdftex.def)             Requested size: 295.90588pt x 166.43805pt.
<images/motion_detection.jpg, id=1104, 235.88126pt x 118.4425pt>
File: images/motion_detection.jpg Graphic file (type jpg)
<use images/motion_detection.jpg>
Package pdftex.def Info: images/motion_detection.jpg  used on input line 68.
(pdftex.def)             Requested size: 250.38564pt x 125.72736pt.
 [37 <./images/ROI_example.jpg> <./images/motion_detection.jpg>]) (Chapters/Chapter_3/1.1_Nvidia_Jetson_Nano_DK.tex
<images/Jetson1.png, id=1111, 944.7797pt x 794.97pt>
File: images/Jetson1.png Graphic file (type png)
<use images/Jetson1.png>
Package pdftex.def Info: images/Jetson1.png  used on input line 7.
(pdftex.def)             Requested size: 182.09486pt x 153.21718pt.
 [38 <./images/Jetson1.png>] [39]) (Chapters/Chapter_3/1.2_Azure_Microsoft_Kinect.tex
<images/azure-kinect.jpg, id=1131, 1084.05pt x 610.28pt>
File: images/azure-kinect.jpg Graphic file (type jpg)
<use images/azure-kinect.jpg>
Package pdftex.def Info: images/azure-kinect.jpg  used on input line 7.
(pdftex.def)             Requested size: 273.14923pt x 153.77087pt.
<images/camera-fov.png, id=1136, 624.83438pt x 327.47343pt>
File: images/camera-fov.png Graphic file (type png)
<use images/camera-fov.png>
Package pdftex.def Info: images/camera-fov.png  used on input line 20.
(pdftex.def)             Requested size: 318.66948pt x 167.01424pt.
 [40 <./images/azure-kinect.jpg> <./images/camera-fov.png>]
LaTeX Font Info:    Font shape `OT1/ntxtlf/m/n' will be
(Font)              scaled to size 10.95pt on input line 51.
LaTeX Font Info:    Font shape `OT1/minntx/m/n' will be
(Font)              scaled to size 10.95pt on input line 53.
LaTeX Font Info:    Font shape `OT1/minntx/m/n' will be
(Font)              scaled to size 8.0pt on input line 53.
LaTeX Font Info:    Font shape `OT1/minntx/m/n' will be
(Font)              scaled to size 6.1pt on input line 53.
LaTeX Font Info:    Font shape `OML/ntxmi/m/it' will be
(Font)              scaled to size 10.95pt on input line 53.
LaTeX Font Info:    Font shape `OML/ntxmi/m/it' will be
(Font)              scaled to size 8.0pt on input line 53.
LaTeX Font Info:    Font shape `OML/ntxmi/m/it' will be
(Font)              scaled to size 6.1pt on input line 53.
LaTeX Font Info:    Font shape `LMS/ntxsy/m/n' will be
(Font)              scaled to size 10.95pt on input line 53.
LaTeX Font Info:    Font shape `LMS/ntxsy/m/n' will be
(Font)              scaled to size 8.0pt on input line 53.
LaTeX Font Info:    Font shape `LMS/ntxsy/m/n' will be
(Font)              scaled to size 6.1pt on input line 53.
LaTeX Font Info:    Font shape `LMX/ntxexx/m/n' will be
(Font)              scaled to size 10.95pt on input line 53.
LaTeX Font Info:    Font shape `LMX/ntxexx/m/n' will be
(Font)              scaled to size 8.0pt on input line 53.
LaTeX Font Info:    Font shape `LMX/ntxexx/m/n' will be
(Font)              scaled to size 6.1pt on input line 53.
LaTeX Font Info:    Font shape `U/ntxmia/m/it' will be
(Font)              scaled to size 10.95pt on input line 53.
LaTeX Font Info:    Font shape `U/ntxmia/m/it' will be
(Font)              scaled to size 8.0pt on input line 53.
LaTeX Font Info:    Font shape `U/ntxmia/m/it' will be
(Font)              scaled to size 6.1pt on input line 53.
LaTeX Font Info:    Font shape `U/ntxsym/m/n' will be
(Font)              scaled to size 10.95pt on input line 53.
LaTeX Font Info:    Font shape `U/ntxsym/m/n' will be
(Font)              scaled to size 8.0pt on input line 53.
LaTeX Font Info:    Font shape `U/ntxsym/m/n' will be
(Font)              scaled to size 6.1pt on input line 53.
LaTeX Font Info:    Font shape `U/ntxsyc/m/n' will be
(Font)              scaled to size 10.95pt on input line 53.
LaTeX Font Info:    Font shape `U/ntxsyc/m/n' will be
(Font)              scaled to size 8.0pt on input line 53.
LaTeX Font Info:    Font shape `U/ntxsyc/m/n' will be
(Font)              scaled to size 6.1pt on input line 53.
LaTeX Font Info:    Font shape `U/ntxexa/m/n' will be
(Font)              scaled to size 10.95pt on input line 53.
LaTeX Font Info:    Font shape `U/ntxexa/m/n' will be
(Font)              scaled to size 8.0pt on input line 53.
LaTeX Font Info:    Font shape `U/ntxexa/m/n' will be
(Font)              scaled to size 6.1pt on input line 53.
LaTeX Font Info:    Font shape `OT1/ntxtlf/b/n' will be
(Font)              scaled to size 10.95pt on input line 55.
<images/kinect.png, id=1144, 752.8125pt x 259.7203pt>
File: images/kinect.png Graphic file (type png)
<use images/kinect.png>
Package pdftex.def Info: images/kinect.png  used on input line 78.
(pdftex.def)             Requested size: 364.19667pt x 125.65111pt.
 [41 <./images/kinect.png>] (Chapters/Chapter_3/1.2.1_ToF.tex
<images/ToF.png, id=1150, 1920.42468pt x 590.95781pt>
File: images/ToF.png Graphic file (type png)
<use images/ToF.png>
Package pdftex.def Info: images/ToF.png  used on input line 6.
(pdftex.def)             Requested size: 318.66948pt x 98.05388pt.
<images/ToF_pulse_vs_cont.png, id=1151, 2826.56pt x 1541.76pt>
File: images/ToF_pulse_vs_cont.png Graphic file (type png)
<use images/ToF_pulse_vs_cont.png>
Package pdftex.def Info: images/ToF_pulse_vs_cont.png  used on input line 28.
(pdftex.def)             Requested size: 227.62206pt x 124.14317pt.
 [42 <./images/ToF.png> <./images/ToF_pulse_vs_cont.png>]
<images/ToF_1.jpg, id=1160, 552.56438pt x 252.44313pt>
File: images/ToF_1.jpg Graphic file (type jpg)
<use images/ToF_1.jpg>
Package pdftex.def Info: images/ToF_1.jpg  used on input line 47.
(pdftex.def)             Requested size: 318.66948pt x 145.58508pt.
) [43 <./images/ToF_1.jpg>]
<images/sdk.png, id=1168, 786.7794pt x 534.3162pt>
File: images/sdk.png Graphic file (type png)
<use images/sdk.png>
Package pdftex.def Info: images/sdk.png  used on input line 97.
(pdftex.def)             Requested size: 227.62206pt x 154.58084pt.
) [44 <./images/sdk.png>] (Chapters/Chapter_3/2_Site2.tex
<images/Site2_breadloaf.jpg, id=1179, 1284.8pt x 722.7pt>
File: images/Site2_breadloaf.jpg Graphic file (type jpg)
<use images/Site2_breadloaf.jpg>
Package pdftex.def Info: images/Site2_breadloaf.jpg  used on input line 19.
(pdftex.def)             Requested size: 295.90588pt x 166.43805pt.
 [45 <./images/Site2_breadloaf.jpg>]) [46] (Chapters/Chapter_3/1.3_Raspberry_Pi_5.tex
<images/Raspberry.jpg, id=1197, 963.9393pt x 387.81506pt>
File: images/Raspberry.jpg Graphic file (type jpg)
<use images/Raspberry.jpg>
Package pdftex.def Info: images/Raspberry.jpg  used on input line 7.
(pdftex.def)             Requested size: 318.66948pt x 128.21014pt.
 [47 <./images/Raspberry.jpg>]
<images/Raspberry_sito2.jpg, id=1210, 4015.0pt x 3011.25pt>
File: images/Raspberry_sito2.jpg Graphic file (type jpg)
<use images/Raspberry_sito2.jpg>
Package pdftex.def Info: images/Raspberry_sito2.jpg  used on input line 30.
(pdftex.def)             Requested size: 273.14923pt x 204.8358pt.
) (Chapters/Chapter_3/1.4_Raspberry_Pi_Camera_Wide.tex
<images/Raspberry-Pi-Camera-Module-3-Wide.jpg, id=1214, 803.0pt x 803.0pt>
File: images/Raspberry-Pi-Camera-Module-3-Wide.jpg Graphic file (type jpg)
<use images/Raspberry-Pi-Camera-Module-3-Wide.jpg>
Package pdftex.def Info: images/Raspberry-Pi-Camera-Module-3-Wide.jpg  used on input line 7.
(pdftex.def)             Requested size: 136.57462pt x 136.56946pt.


LaTeX Warning: `h' float specifier changed to `ht'.

[48 <./images/Raspberry_sito2.jpg>]
<images/Raspicam_3D-model.png, id=1224, 1052.43187pt x 949.29657pt>
File: images/Raspicam_3D-model.png Graphic file (type png)
<use images/Raspicam_3D-model.png>
Package pdftex.def Info: images/Raspicam_3D-model.png  used on input line 18.
(pdftex.def)             Requested size: 182.09486pt x 164.24632pt.
<images/Raspberry_site2.jpg, id=1226, 4015.0pt x 3011.25pt>
File: images/Raspberry_site2.jpg Graphic file (type jpg)
<use images/Raspberry_site2.jpg>
Package pdftex.def Info: images/Raspberry_site2.jpg  used on input line 27.
(pdftex.def)             Requested size: 227.62206pt x 170.6965pt.


LaTeX Warning: `h' float specifier changed to `ht'.

[49 <./images/Raspberry-Pi-Camera-Module-3-Wide.jpg> <./images/Raspicam_3D-model.png>] (Chapters/Chapter_3/2.2_PiCamera.tex [50 <./images/Raspberry_site2.jpg>]))) (Chapters/Chapter_4/0_chapter_4.tex [51] [52

]
Chapter 4.
(Chapters/Chapter_4/1_Pipeline.tex) (Chapters/Chapter_4/2_motion_detection.tex
<images/BGS.jpg, id=1270, 1284.8pt x 722.7pt>
File: images/BGS.jpg Graphic file (type jpg)
<use images/BGS.jpg>
Package pdftex.def Info: images/BGS.jpg  used on input line 9.
(pdftex.def)             Requested size: 364.19667pt x 204.85785pt.

Underfull \vbox (badness 10000) has occurred while \output is active []

 [53]
<images/YAML.png, id=1284, 973.38657pt x 627.09282pt>
File: images/YAML.png Graphic file (type png)
<use images/YAML.png>
Package pdftex.def Info: images/YAML.png  used on input line 19.
(pdftex.def)             Requested size: 455.24411pt x 293.27924pt.


LaTeX Warning: `h' float specifier changed to `ht'.

[54 <./images/BGS.jpg>] [55 <./images/YAML.png>]
<images/ssd.PNG, id=1301, 1397.22pt x 820.06375pt>
File: images/ssd.PNG Graphic file (type png)
<use images/ssd.PNG>
Package pdftex.def Info: images/ssd.PNG  used on input line 33.
(pdftex.def)             Requested size: 227.62206pt x 133.59038pt.

Overfull \hbox (1.19913pt too wide) in paragraph at lines 38--39
\OT1/minntx/m/n/12 can re-sume af-ter power in-ter-rup-tions or de-vice re-boots with-out re-quir-ing man-ual intervention.[[],
 []

) (Chapters/Chapter_4/3_automatic_labelling.tex
<images/Useful-photos/Screenshots/Screenshot from 2026-02-23 17-16-41.png, id=1307, 3803.20876pt x 1687.30376pt>
File: images/Useful-photos/Screenshots/Screenshot from 2026-02-23 17-16-41.png Graphic file (type png)
<use images/Useful-photos/Screenshots/Screenshot from 2026-02-23 17-16-41.png>
Package pdftex.def Info: images/Useful-photos/Screenshots/Screenshot from 2026-02-23 17-16-41.png  used on input line 8.
(pdftex.def)             Requested size: 455.24411pt x 201.95279pt.
) [56 <./images/ssd.PNG>] (Chapters/Chapter_4/4_DEIMv2_Training.tex [57 <./images/Useful-photos/Screenshots/Screenshot from 2026-02-23 17-16-41.png>]) (Chapters/Chapter_4/5_Feature_Extraction_and_Quality_Assessment.tex [58] [59]
Underfull \vbox (badness 4981) has occurred while \output is active []

 [60])) (Chapters/Chapter_5/0_chapter_5.tex [61] [62

]
Chapter 5.
(Chapters/Chapter_5/01_Train.tex
<images/Tensor1_1.png, id=1368, 1431.84938pt x 861.2175pt>
File: images/Tensor1_1.png Graphic file (type png)
<use images/Tensor1_1.png>
Package pdftex.def Info: images/Tensor1_1.png  used on input line 12.
(pdftex.def)             Requested size: 218.51521pt x 131.42418pt.
<images/Tensor1_2.png, id=1369, 1346.02875pt x 806.26219pt>
File: images/Tensor1_2.png Graphic file (type png)
<use images/Tensor1_2.png>
Package pdftex.def Info: images/Tensor1_2.png  used on input line 18.
(pdftex.def)             Requested size: 218.51521pt x 130.88687pt.
<images/Tensor1_3.png, id=1370, 1434.86063pt x 804.00375pt>
File: images/Tensor1_3.png Graphic file (type png)
<use images/Tensor1_3.png>
Package pdftex.def Info: images/Tensor1_3.png  used on input line 26.
(pdftex.def)             Requested size: 218.51521pt x 122.43556pt.
<images/Tensor1_4.png, id=1371, 1274.51157pt x 287.57437pt>
File: images/Tensor1_4.png Graphic file (type png)
<use images/Tensor1_4.png>
Package pdftex.def Info: images/Tensor1_4.png  used on input line 32.
(pdftex.def)             Requested size: 218.51521pt x 49.30385pt.


LaTeX Warning: `h' float specifier changed to `ht'.

<images/DEIMv2_Results1.png, id=1372, 968.11688pt x 387.69844pt>
File: images/DEIMv2_Results1.png Graphic file (type png)
<use images/DEIMv2_Results1.png>
Package pdftex.def Info: images/DEIMv2_Results1.png  used on input line 43.
(pdftex.def)             Requested size: 318.66948pt x 127.61551pt.

LaTeX Warning: `h' float specifier changed to `ht'.

[63] [64 <./images/Tensor1_1.png> <./images/Tensor1_2.png> <./images/Tensor1_3.png> <./images/Tensor1_4.png> <./images/DEIMv2_Results1.png>]
<images/Tensor2_1.png, id=1387, 1331.72531pt x 825.83531pt>
File: images/Tensor2_1.png Graphic file (type png)
<use images/Tensor2_1.png>
Package pdftex.def Info: images/Tensor2_1.png  used on input line 55.
(pdftex.def)             Requested size: 218.51521pt x 135.50087pt.
<images/Tensor2_2.png, id=1388, 1400.98407pt x 805.50937pt>
File: images/Tensor2_2.png Graphic file (type png)
<use images/Tensor2_2.png>
Package pdftex.def Info: images/Tensor2_2.png  used on input line 61.
(pdftex.def)             Requested size: 218.51521pt x 125.627pt.
<images/Tensor2_3.png, id=1389, 1376.14125pt x 807.7678pt>
File: images/Tensor2_3.png Graphic file (type png)
<use images/Tensor2_3.png>
Package pdftex.def Info: images/Tensor2_3.png  used on input line 69.
(pdftex.def)             Requested size: 218.51521pt x 128.25945pt.
<images/Tensor2_4.png, id=1390, 1307.63531pt x 295.1025pt>
File: images/Tensor2_4.png Graphic file (type png)
<use images/Tensor2_4.png>
Package pdftex.def Info: images/Tensor2_4.png  used on input line 75.
(pdftex.def)             Requested size: 218.51521pt x 49.3112pt.
<images/DEIMv2_Results2.png, id=1391, 972.63374pt x 388.45125pt>
File: images/DEIMv2_Results2.png Graphic file (type png)
<use images/DEIMv2_Results2.png>
Package pdftex.def Info: images/DEIMv2_Results2.png  used on input line 86.
(pdftex.def)             Requested size: 318.66948pt x 127.27057pt.
) [65

 <./images/Tensor2_1.png> <./images/Tensor2_2.png> <./images/Tensor2_3.png> <./images/Tensor2_4.png> <./images/DEIMv2_Results2.png>] [66] (Chapters/Chapter_5/1_Site1_dough_ball_volume_estimation.tex
LaTeX Font Info:    Font shape `OT1/ntxtlf/m/n' will be
(Font)              scaled to size 8.8pt on input line 5.


LaTeX Warning: `h' float specifier changed to `ht'.


LaTeX Warning: `h' float specifier changed to `ht'.

[67

]
<images/RESULTS/Volume/volume_distribution_gap.png, id=1413, 794.97pt x 469.755pt>
File: images/RESULTS/Volume/volume_distribution_gap.png Graphic file (type png)
<use images/RESULTS/Volume/volume_distribution_gap.png>
Package pdftex.def Info: images/RESULTS/Volume/volume_distribution_gap.png  used on input line 88.
(pdftex.def)             Requested size: 455.24411pt x 269.01752pt.


LaTeX Warning: `h' float specifier changed to `ht'.

<images/RESULTS/Volume/volume_distribution_rotated_alpha.png, id=1414, 794.97pt x 469.755pt>
File: images/RESULTS/Volume/volume_distribution_rotated_alpha.png Graphic file (type png)
<use images/RESULTS/Volume/volume_distribution_rotated_alpha.png>
Package pdftex.def Info: images/RESULTS/Volume/volume_distribution_rotated_alpha.png  used on input line 95.
(pdftex.def)             Requested size: 455.24411pt x 269.01752pt.

LaTeX Warning: `h' float specifier changed to `ht'.

<images/RESULTS/Volume/volume_distribution_rotated_hull.png, id=1415, 794.97pt x 469.755pt>
File: images/RESULTS/Volume/volume_distribution_rotated_hull.png Graphic file (type png)
<use images/RESULTS/Volume/volume_distribution_rotated_hull.png>
Package pdftex.def Info: images/RESULTS/Volume/volume_distribution_rotated_hull.png  used on input line 102.
(pdftex.def)             Requested size: 455.24411pt x 269.01752pt.

LaTeX Warning: `h' float specifier changed to `ht'.

<images/RESULTS/Volume/volume_distribution_comparison.png, id=1416, 831.105pt x 491.436pt>
File: images/RESULTS/Volume/volume_distribution_comparison.png Graphic file (type png)
<use images/RESULTS/Volume/volume_distribution_comparison.png>
Package pdftex.def Info: images/RESULTS/Volume/volume_distribution_comparison.png  used on input line 109.
(pdftex.def)             Requested size: 455.24411pt x 269.18832pt.

LaTeX Warning: `h' float specifier changed to `ht'.

<images/Useful-photos/Screenshots/Screenshot from 2026-04-05 12-40-59.png, id=1417, 1530.71875pt x 1092.08pt>
File: images/Useful-photos/Screenshots/Screenshot from 2026-04-05 12-40-59.png Graphic file (type png)
<use images/Useful-photos/Screenshots/Screenshot from 2026-04-05 12-40-59.png>
Package pdftex.def Info: images/Useful-photos/Screenshots/Screenshot from 2026-04-05 12-40-59.png  used on input line 117.
(pdftex.def)             Requested size: 455.24411pt x 324.79369pt.

LaTeX Warning: `h' float specifier changed to `ht'.

) [68] [69 <./images/RESULTS/Volume/volume_distribution_gap.png> <./images/RESULTS/Volume/volume_distribution_rotated_alpha.png>] [70 <./images/RESULTS/Volume/volume_distribution_rotated_hull.png> <./images/RESULTS/Volume/volume_distribution_comparison.png>] [71 <./images/Useful-photos/Screenshots/Screenshot from 2026-04-05 12-40-59.png>] (Chapters/Chapter_5/2_Site2_bread_quality_assessment.tex
<images/RESULTS/Anomaly/good/scores_inference_graph.png, id=1440, 1074.852pt x 639.5895pt>
File: images/RESULTS/Anomaly/good/scores_inference_graph.png Graphic file (type png)
<use images/RESULTS/Anomaly/good/scores_inference_graph.png>
Package pdftex.def Info: images/RESULTS/Anomaly/good/scores_inference_graph.png  used on input line 6.
(pdftex.def)             Requested size: 455.24411pt x 270.88991pt.
<images/RESULTS/Anomaly/Defect3/scores_inference_graph.png, id=1441, 1076.166pt x 639.5895pt>
File: images/RESULTS/Anomaly/Defect3/scores_inference_graph.png Graphic file (type png)
<use images/RESULTS/Anomaly/Defect3/scores_inference_graph.png>
Package pdftex.def Info: images/RESULTS/Anomaly/Defect3/scores_inference_graph.png  used on input line 13.
(pdftex.def)             Requested size: 455.24411pt x 270.55809pt.


LaTeX Warning: `h' float specifier changed to `ht'.

<images/RESULTS/Anomaly/Defect3/000006_images (6).jpeg, id=1442, 770.88pt x 256.96pt>
File: images/RESULTS/Anomaly/Defect3/000006_images (6).jpeg Graphic file (type jpg)
<use images/RESULTS/Anomaly/Defect3/000006_images (6).jpeg>
Package pdftex.def Info: images/RESULTS/Anomaly/Defect3/000006_images (6).jpeg  used on input line 21.
(pdftex.def)             Requested size: 455.24411pt x 151.74623pt.

LaTeX Warning: `h' float specifier changed to `ht'.

)) (Chapters/Chapter_6/0_chapter_6.tex [72

 <./images/RESULTS/Anomaly/good/scores_inference_graph.png>] [73 <./images/RESULTS/Anomaly/Defect3/scores_inference_graph.png> <./images/RESULTS/Anomaly/Defect3/000006_images (6).jpeg>] [74

]
Chapter 6.
) [75] [76


] (tesi.bbl
LaTeX Font Info:    Font shape `OT1/ntxtlf/m/it' will be
(Font)              scaled to size 10.95pt on input line 24.
 [77

]
LaTeX Font Info:    Trying to load font information for OMS+ntxtlf on input line 107.
LaTeX Font Info:    No file OMSntxtlf.fd. on input line 107.


LaTeX Font Warning: Font shape `OMS/ntxtlf/m/n' undefined
(Font)              using `OMS/cmsy/m/n' instead
(Font)              for symbol `textbar' on input line 107.

LaTeX Font Info:    Font shape `OT1/ntxtlf/m/n' will be
(Font)              scaled to size 6.1pt on input line 134.
[78]) [79] [80] (tesi.aux)
 ***********
LaTeX2e <2025-11-01>
L3 programming layer <2020/03/25>
 ***********


LaTeX Font Warning: Some font shapes were not available, defaults substituted.

Package rerunfilecheck Info: File `tesi.out' has not changed.
(rerunfilecheck)             Checksum: EB9D46E45D622A775EE066BC2756BED2;10767.
 ) 
Here is how much of TeX's memory you used:
 22378 strings out of 467867
 381213 string characters out of 5418334
 876418 words of memory out of 5000000
 50349 multiletter control sequences out of 15000+600000
 692481 words of font info for 163 fonts, out of 8000000 for 9000
 1141 hyphenation exceptions out of 8191
 85i,13n,85p,1603b,738s stack positions out of 10000i,1000n,20000p,200000b,200000s
<C:/Users/giuse/AppData/Local/Programs/MiKTeX/fonts/type1/public/newtx/NewTXMI.pfb><C:/Users/giuse/AppData/Local/Programs/MiKTeX/fonts/type1/public/amsfonts/cm/cmsy10.pfb><C:/Users/giuse/AppData/Local/Programs/MiKTeX/fonts/type1/public/tex-gyre/qhvr.pfb><C:/Users/giuse/AppData/Local/Programs/MiKTeX/fonts/type1/public/tex-gyre/qtmr.pfb><C:/Users/giuse/AppData/Local/Programs/MiKTeX/fonts/type1/public/newtx/txmiaX.pfb><C:/Users/giuse/AppData/Local/Programs/MiKTeX/fonts/type1/public/newtx/txsys.pfb><C:/Users/giuse/AppData/Local/Programs/MiKTeX/fonts/type1/public/txfonts/txtt.pfb><C:/Users/giuse/AppData/Local/Programs/MiKTeX/fonts/type1/public/newtx/ztmb.pfb><C:/Users/giuse/AppData/Local/Programs/MiKTeX/fonts/type1/public/newtx/ztmbi.pfb><C:/Users/giuse/AppData/Local/Programs/MiKTeX/fonts/type1/public/newtx/ztmr.pfb><C:/Users/giuse/AppData/Local/Programs/MiKTeX/fonts/type1/public/newtx/ztmri.pfb>
Output written on tesi.pdf (94 pages, 60988899 bytes).
PDF statistics:
 1657 PDF objects out of 1728 (max. 8388607)
 323 named destinations out of 1000 (max. 500000)
 936 words of extra memory for PDF output out of 10000 (max. 10000000)

